INFO 2021-11-04 02:49:47,858 autoreload 637 Watching for file changes with StatReloader
INFO 2021-11-05 06:56:21,636 autoreload 637 Watching for file changes with StatReloader
INFO 2021-11-05 06:56:45,361 autoreload 637 Watching for file changes with StatReloader
INFO 2021-11-05 07:34:35,681 autoreload 251 /home/moluo/Desktop/fuguang/fuguangapi/fuguangapi/settings/dev.py changed, reloading.
INFO 2021-11-05 07:34:38,296 autoreload 637 Watching for file changes with StatReloader
INFO 2021-11-05 07:36:15,964 autoreload 251 /home/moluo/Desktop/fuguang/fuguangapi/fuguangapi/settings/dev.py changed, reloading.
INFO 2021-11-05 07:36:16,945 autoreload 637 Watching for file changes with StatReloader
INFO 2021-11-05 07:38:52,711 autoreload 251 /home/moluo/Desktop/fuguang/fuguangapi/fuguangapi/settings/dev.py changed, reloading.
INFO 2021-11-05 07:38:53,405 autoreload 637 Watching for file changes with StatReloader
INFO 2021-11-05 07:40:14,382 autoreload 251 /home/moluo/Desktop/fuguang/fuguangapi/fuguangapi/settings/dev.py changed, reloading.
INFO 2021-11-05 07:40:15,306 autoreload 637 Watching for file changes with StatReloader
INFO 2021-11-05 07:42:57,527 autoreload run_with_reloader 7166 140346901520768 Watching for file changes with StatReloader
INFO 2021-11-05 07:59:04,829 autoreload trigger_reload 7166 140346901520768 /home/moluo/Desktop/fuguang/fuguangapi/fuguangapi/settings/dev.py changed, reloading.
INFO 2021-11-05 07:59:06,686 autoreload run_with_reloader 7637 139843630543232 Watching for file changes with StatReloader
INFO 2021-11-05 08:07:17,420 autoreload trigger_reload 7637 139843630543232 /home/moluo/Desktop/fuguang/fuguangapi/fuguangapi/settings/dev.py changed, reloading.
INFO 2021-11-05 08:07:18,663 autoreload run_with_reloader 7787 139622564028800 Watching for file changes with StatReloader
INFO 2021-11-05 09:20:11,205 autoreload run_with_reloader 8964 139704169783680 Watching for file changes with StatReloader
INFO 2021-11-05 09:29:05,884 autoreload trigger_reload 8964 139704169783680 /home/moluo/Desktop/fuguang/fuguangapi/fuguangapi/settings/dev.py changed, reloading.
INFO 2021-11-05 09:29:06,769 autoreload run_with_reloader 9178 139651956908416 Watching for file changes with StatReloader
INFO 2021-11-07 05:54:34,150 autoreload run_with_reloader 6042 139734165348736 Watching for file changes with StatReloader
INFO 2021-11-07 13:31:00,851 autoreload run_with_reloader 6680 140297381851520 Watching for file changes with StatReloader
ERROR 2021-11-07 13:31:15,361 exception response_for_exception 6680 140297242547968 Invalid HTTP_HOST header: '0.0.0.0:8000'. You may need to add '0.0.0.0' to ALLOWED_HOSTS.
WARNING 2021-11-07 13:31:15,689 log log_response 6680 140297242547968 Bad Request: /
WARNING 2021-11-07 13:31:15,692 basehttp log_message 6680 140297242547968 "GET / HTTP/1.1" 400 70121
ERROR 2021-11-07 13:31:19,150 exception response_for_exception 6680 140297234155264 Invalid HTTP_HOST header: '0.0.0.0:8000'. You may need to add '0.0.0.0' to ALLOWED_HOSTS.
WARNING 2021-11-07 13:31:19,231 log log_response 6680 140297234155264 Bad Request: /favicon.ico
WARNING 2021-11-07 13:31:19,232 basehttp log_message 6680 140297234155264 "GET /favicon.ico HTTP/1.1" 400 70172
INFO 2021-11-07 14:04:47,648 autoreload run_with_reloader 6920 140616241648000 Watching for file changes with StatReloader
INFO 2021-11-07 14:05:46,098 autoreload run_with_reloader 6938 139858349736320 Watching for file changes with StatReloader
INFO 2021-11-08 07:03:16,704 autoreload run_with_reloader 7758 139706013712768 Watching for file changes with StatReloader
INFO 2021-11-08 11:21:36,526 autoreload trigger_reload 7758 139706013712768 /home/moluo/Desktop/fuguang/fuguangapi/fuguangapi/settings/dev.py changed, reloading.
INFO 2021-11-08 11:21:37,825 autoreload run_with_reloader 10981 140154058273152 Watching for file changes with StatReloader
INFO 2021-11-08 11:22:31,725 autoreload trigger_reload 10981 140154058273152 /home/moluo/Desktop/fuguang/fuguangapi/fuguangapi/settings/dev.py changed, reloading.
INFO 2021-11-08 11:22:32,643 autoreload run_with_reloader 11035 140215481065856 Watching for file changes with StatReloader
INFO 2021-11-08 11:23:05,182 autoreload trigger_reload 11035 140215481065856 /home/moluo/Desktop/fuguang/fuguangapi/fuguangapi/settings/dev.py changed, reloading.
INFO 2021-11-08 11:23:05,752 autoreload run_with_reloader 11059 139774635135360 Watching for file changes with StatReloader
INFO 2021-11-08 11:24:17,661 autoreload trigger_reload 11059 139774635135360 /home/moluo/Desktop/fuguang/fuguangapi/fuguangapi/settings/dev.py changed, reloading.
INFO 2021-11-08 11:24:18,195 autoreload run_with_reloader 11097 140578374201728 Watching for file changes with StatReloader
INFO 2021-11-08 11:27:24,812 autoreload trigger_reload 11097 140578374201728 /home/moluo/Desktop/fuguang/fuguangapi/fuguangapi/settings/dev.py changed, reloading.
INFO 2021-11-08 11:27:25,520 autoreload run_with_reloader 11160 140118832046464 Watching for file changes with StatReloader
INFO 2021-11-08 11:28:36,777 autoreload trigger_reload 11160 140118832046464 /home/moluo/Desktop/fuguang/fuguangapi/fuguangapi/settings/dev.py changed, reloading.
INFO 2021-11-08 11:28:37,437 autoreload run_with_reloader 11259 139662511022464 Watching for file changes with StatReloader
INFO 2021-11-08 11:29:20,321 autoreload trigger_reload 11259 139662511022464 /home/moluo/Desktop/fuguang/fuguangapi/fuguangapi/settings/dev.py changed, reloading.
INFO 2021-11-08 11:29:20,971 autoreload run_with_reloader 11285 139669473395072 Watching for file changes with StatReloader
INFO 2021-11-08 12:45:04,152 autoreload run_with_reloader 11599 139698242191744 Watching for file changes with StatReloader
INFO 2021-11-08 12:53:08,897 autoreload trigger_reload 11599 139698242191744 /home/moluo/Desktop/fuguang/fuguangapi/fuguangapi/settings/dev.py changed, reloading.
INFO 2021-11-08 12:53:10,348 autoreload run_with_reloader 11884 139902190334336 Watching for file changes with StatReloader
INFO 2021-11-08 12:58:40,999 autoreload run_with_reloader 11978 139923862184320 Watching for file changes with StatReloader
INFO 2021-11-08 13:00:58,328 autoreload run_with_reloader 12011 139928068612480 Watching for file changes with StatReloader
INFO 2021-11-08 13:33:09,211 autoreload trigger_reload 12011 139928068612480 /home/moluo/Desktop/fuguang/fuguangapi/fuguangapi/settings/dev.py changed, reloading.
INFO 2021-11-08 13:33:10,401 autoreload run_with_reloader 12166 140337836405120 Watching for file changes with StatReloader
INFO 2021-11-08 13:53:58,170 autoreload trigger_reload 12166 140337836405120 /home/moluo/Desktop/fuguang/fuguangapi/fuguangapi/urls.py changed, reloading.
INFO 2021-11-08 13:53:59,249 autoreload run_with_reloader 12754 139963908108672 Watching for file changes with StatReloader
INFO 2021-11-08 14:10:45,677 autoreload trigger_reload 12754 139963908108672 /home/moluo/Desktop/fuguang/fuguangapi/fuguangapi/apps/home/views.py changed, reloading.
INFO 2021-11-08 14:10:46,935 autoreload run_with_reloader 16424 140587005731200 Watching for file changes with StatReloader
INFO 2021-11-08 14:11:43,755 autoreload trigger_reload 16424 140587005731200 /home/moluo/Desktop/fuguang/fuguangapi/fuguangapi/apps/home/views.py changed, reloading.
INFO 2021-11-08 14:11:45,434 autoreload run_with_reloader 16485 140386766852480 Watching for file changes with StatReloader
INFO 2021-11-08 14:14:52,936 autoreload trigger_reload 16485 140386766852480 /home/moluo/Desktop/fuguang/fuguangapi/fuguangapi/apps/home/views.py changed, reloading.
INFO 2021-11-08 14:14:54,061 autoreload run_with_reloader 16559 139853435134336 Watching for file changes with StatReloader
INFO 2021-11-08 14:21:40,508 autoreload trigger_reload 16559 139853435134336 /home/moluo/Desktop/fuguang/fuguangapi/fuguangapi/apps/home/views.py changed, reloading.
INFO 2021-11-08 14:21:41,488 autoreload run_with_reloader 18231 140699921400192 Watching for file changes with StatReloader
INFO 2021-11-08 14:37:37,519 autoreload run_with_reloader 20310 139786425409920 Watching for file changes with StatReloader
WARNING 2021-11-08 14:37:58,104 log log_response 20310 139786287314688 Not Found: /
WARNING 2021-11-08 14:37:58,107 basehttp log_message 20310 139786287314688 "GET / HTTP/1.1" 404 2168
WARNING 2021-11-08 14:37:58,277 log log_response 20310 139786287314688 Not Found: /favicon.ico
WARNING 2021-11-08 14:37:58,278 basehttp log_message 20310 139786287314688 "GET /favicon.ico HTTP/1.1" 404 2219
WARNING 2021-11-08 14:38:04,723 log log_response 20310 139786287314688 Not Found: /home
WARNING 2021-11-08 14:38:04,724 basehttp log_message 20310 139786287314688 "GET /home HTTP/1.1" 404 2198
WARNING 2021-11-08 14:38:10,710 log log_response 20310 139786278921984 Not Found: /home/
WARNING 2021-11-08 14:38:10,711 basehttp log_message 20310 139786278921984 "GET /home/ HTTP/1.1" 404 2254
INFO 2021-11-08 14:38:19,055 basehttp log_message 20310 139786278921984 "GET /home/redis/ HTTP/1.1" 200 5169
INFO 2021-11-08 14:38:19,118 basehttp log_message 20310 139786270529280 "GET /static/rest_framework/css/prettify.css HTTP/1.1" 200 817
INFO 2021-11-08 14:38:19,119 basehttp log_message 20310 139786262136576 "GET /static/rest_framework/css/default.css HTTP/1.1" 200 1152
INFO 2021-11-08 14:38:19,134 basehttp log_message 20310 139786287314688 "GET /static/rest_framework/css/bootstrap-tweaks.css HTTP/1.1" 200 3385
INFO 2021-11-08 14:38:19,142 basehttp log_message 20310 139786278921984 "GET /static/rest_framework/css/bootstrap.min.css HTTP/1.1" 200 121457
INFO 2021-11-08 14:38:19,156 basehttp log_message 20310 139786270529280 "GET /static/rest_framework/js/csrf.js HTTP/1.1" 200 1719
INFO 2021-11-08 14:38:19,166 basehttp log_message 20310 139786245351168 "GET /static/rest_framework/js/ajax-form.js HTTP/1.1" 200 3597
INFO 2021-11-08 14:38:19,215 basehttp log_message 20310 139786287314688 "GET /static/rest_framework/js/prettify-min.js HTTP/1.1" 200 13632
INFO 2021-11-08 14:38:19,223 basehttp log_message 20310 139786262136576 "GET /static/rest_framework/js/bootstrap.min.js HTTP/1.1" 200 39680
INFO 2021-11-08 14:38:19,227 basehttp log_message 20310 139786253743872 "GET /static/rest_framework/js/jquery-3.5.1.min.js HTTP/1.1" 200 89476
INFO 2021-11-08 14:38:19,233 basehttp log_message 20310 139786278921984 "GET /static/rest_framework/js/default.js HTTP/1.1" 200 1268
INFO 2021-11-08 14:38:19,242 basehttp log_message 20310 139786245351168 "GET /static/rest_framework/img/grid.png HTTP/1.1" 200 1458
INFO 2021-11-08 14:50:05,987 autoreload trigger_reload 20310 139786425409920 /home/moluo/Desktop/fuguang/fuguangapi/fuguangapi/apps/home/views.py changed, reloading.
INFO 2021-11-08 14:50:06,749 autoreload run_with_reloader 20766 140661622800768 Watching for file changes with StatReloader
INFO 2021-11-09 07:32:08,040 autoreload run_with_reloader 6511 139704892469632 Watching for file changes with StatReloader
ERROR 2021-11-09 07:32:27,443 exception response_for_exception 6511 139704747366144 Invalid HTTP_HOST header: '0.0.0.0:8000'. You may need to add '0.0.0.0' to ALLOWED_HOSTS.
WARNING 2021-11-09 07:32:28,045 log log_response 6511 139704747366144 Bad Request: /
WARNING 2021-11-09 07:32:28,046 basehttp log_message 6511 139704747366144 "GET / HTTP/1.1" 400 71122
ERROR 2021-11-09 07:32:29,194 exception response_for_exception 6511 139704738973440 Invalid HTTP_HOST header: '0.0.0.0:8000'. You may need to add '0.0.0.0' to ALLOWED_HOSTS.
WARNING 2021-11-09 07:32:29,253 log log_response 6511 139704738973440 Bad Request: /favicon.ico
WARNING 2021-11-09 07:32:29,254 basehttp log_message 6511 139704738973440 "GET /favicon.ico HTTP/1.1" 400 71173
WARNING 2021-11-09 07:32:42,506 log log_response 6511 139704738973440 Not Found: /redis
WARNING 2021-11-09 07:32:42,507 basehttp log_message 6511 139704738973440 "GET /redis HTTP/1.1" 404 2201
WARNING 2021-11-09 07:32:42,633 log log_response 6511 139704738973440 Not Found: /favicon.ico
WARNING 2021-11-09 07:32:42,634 basehttp log_message 6511 139704738973440 "GET /favicon.ico HTTP/1.1" 404 2219
INFO 2021-11-09 07:32:52,356 basehttp log_message 6511 139704738973440 "GET /home/redis HTTP/1.1" 301 0
INFO 2021-11-09 07:32:52,449 basehttp log_message 6511 139704738973440 "GET /home/redis/ HTTP/1.1" 200 5157
INFO 2021-11-09 07:32:52,501 basehttp log_message 6511 139704721139456 "GET /static/rest_framework/css/default.css HTTP/1.1" 200 1152
INFO 2021-11-09 07:32:52,504 basehttp log_message 6511 139704738973440 "GET /static/rest_framework/css/bootstrap.min.css HTTP/1.1" 200 121457
INFO 2021-11-09 07:32:52,534 basehttp log_message 6511 139704704091904 "GET /static/rest_framework/js/ajax-form.js HTTP/1.1" 200 3597
INFO 2021-11-09 07:32:52,544 basehttp log_message 6511 139704738973440 "GET /static/rest_framework/js/bootstrap.min.js HTTP/1.1" 200 39680
INFO 2021-11-09 07:32:52,547 basehttp log_message 6511 139704721139456 "GET /static/rest_framework/js/csrf.js HTTP/1.1" 200 1719
INFO 2021-11-09 07:32:52,552 basehttp log_message 6511 139704712484608 "GET /static/rest_framework/js/jquery-3.5.1.min.js HTTP/1.1" 200 89476
INFO 2021-11-09 07:32:52,564 basehttp log_message 6511 139704704091904 "GET /static/rest_framework/js/prettify-min.js HTTP/1.1" 200 13632
INFO 2021-11-09 07:32:52,577 basehttp log_message 6511 139704747366144 "GET /static/rest_framework/css/bootstrap-tweaks.css HTTP/1.1" 200 3385
INFO 2021-11-09 07:32:52,580 basehttp log_message 6511 139704729532160 "GET /static/rest_framework/css/prettify.css HTTP/1.1" 200 817
INFO 2021-11-09 07:32:52,604 basehttp log_message 6511 139704721139456 "GET /static/rest_framework/js/default.js HTTP/1.1" 200 1268
INFO 2021-11-09 07:32:52,644 basehttp log_message 6511 139704721139456 "GET /static/rest_framework/img/grid.png HTTP/1.1" 200 1458
INFO 2021-11-09 09:09:40,436 autoreload run_with_reloader 10310 140349178990976 Watching for file changes with StatReloader
ERROR 2021-11-09 09:09:44,528 exception response_for_exception 10310 140349113493248 Invalid HTTP_HOST header: 'api.fuguang.cn:8000'. You may need to add 'api.fuguang.cn' to ALLOWED_HOSTS.
WARNING 2021-11-09 09:09:44,628 log log_response 10310 140349113493248 Bad Request: /
WARNING 2021-11-09 09:09:44,629 basehttp log_message 10310 140349113493248 "GET / HTTP/1.1" 400 71230
ERROR 2021-11-09 09:09:45,994 exception response_for_exception 10310 140349104838400 Invalid HTTP_HOST header: 'api.fuguang.cn:8000'. You may need to add 'api.fuguang.cn' to ALLOWED_HOSTS.
WARNING 2021-11-09 09:09:46,264 log log_response 10310 140349104838400 Bad Request: /favicon.ico
WARNING 2021-11-09 09:09:46,266 basehttp log_message 10310 140349104838400 "GET /favicon.ico HTTP/1.1" 400 71288
ERROR 2021-11-09 09:10:25,523 exception response_for_exception 10310 140349104838400 Invalid HTTP_HOST header: 'api.fuguang.cn:8000'. You may need to add 'api.fuguang.cn' to ALLOWED_HOSTS.
WARNING 2021-11-09 09:10:25,572 log log_response 10310 140349104838400 Bad Request: /home
WARNING 2021-11-09 09:10:25,573 basehttp log_message 10310 140349104838400 "GET /home HTTP/1.1" 400 71274
ERROR 2021-11-09 09:10:25,701 exception response_for_exception 10310 140349113493248 Invalid HTTP_HOST header: 'api.fuguang.cn:8000'. You may need to add 'api.fuguang.cn' to ALLOWED_HOSTS.
WARNING 2021-11-09 09:10:25,770 log log_response 10310 140349113493248 Bad Request: /favicon.ico
WARNING 2021-11-09 09:10:25,772 basehttp log_message 10310 140349113493248 "GET /favicon.ico HTTP/1.1" 400 71292
ERROR 2021-11-09 09:10:34,345 exception response_for_exception 10310 140349113493248 Invalid HTTP_HOST header: 'api.fuguang.cn:8000'. You may need to add 'api.fuguang.cn' to ALLOWED_HOSTS.
WARNING 2021-11-09 09:10:34,392 log log_response 10310 140349113493248 Bad Request: /home/redis
WARNING 2021-11-09 09:10:34,393 basehttp log_message 10310 140349113493248 "GET /home/redis HTTP/1.1" 400 71340
ERROR 2021-11-09 09:10:34,554 exception response_for_exception 10310 140349104838400 Invalid HTTP_HOST header: 'api.fuguang.cn:8000'. You may need to add 'api.fuguang.cn' to ALLOWED_HOSTS.
WARNING 2021-11-09 09:10:34,623 log log_response 10310 140349104838400 Bad Request: /favicon.ico
WARNING 2021-11-09 09:10:34,625 basehttp log_message 10310 140349104838400 "GET /favicon.ico HTTP/1.1" 400 71298
INFO 2021-11-09 09:11:26,301 autoreload run_with_reloader 10453 140163526779264 Watching for file changes with StatReloader
ERROR 2021-11-09 09:11:29,157 exception response_for_exception 10453 140163461281536 Invalid HTTP_HOST header: 'api.fuguang.cn:8000'. You may need to add 'api.fuguang.cn' to ALLOWED_HOSTS.
WARNING 2021-11-09 09:11:29,224 log log_response 10453 140163461281536 Bad Request: /
WARNING 2021-11-09 09:11:29,225 basehttp log_message 10453 140163461281536 "GET / HTTP/1.1" 400 71230
ERROR 2021-11-09 09:11:30,122 exception response_for_exception 10453 140163452888832 Invalid HTTP_HOST header: 'api.fuguang.cn:8000'. You may need to add 'api.fuguang.cn' to ALLOWED_HOSTS.
WARNING 2021-11-09 09:11:30,177 log log_response 10453 140163452888832 Bad Request: /favicon.ico
WARNING 2021-11-09 09:11:30,179 basehttp log_message 10453 140163452888832 "GET /favicon.ico HTTP/1.1" 400 71288
INFO 2021-11-09 09:12:05,282 autoreload run_with_reloader 10576 140447011135872 Watching for file changes with StatReloader
WARNING 2021-11-09 09:12:09,288 log log_response 10576 140446945638144 Not Found: /
WARNING 2021-11-09 09:12:09,293 basehttp log_message 10576 140446945638144 "GET / HTTP/1.1" 404 2173
WARNING 2021-11-09 09:12:09,363 log log_response 10576 140446945638144 Not Found: /favicon.ico
WARNING 2021-11-09 09:12:09,364 basehttp log_message 10576 140446945638144 "GET /favicon.ico HTTP/1.1" 404 2224
INFO 2021-11-09 09:12:17,622 basehttp log_message 10576 140446945638144 "GET /home/demo HTTP/1.1" 301 0
INFO 2021-11-09 09:12:17,826 basehttp log_message 10576 140446945638144 "GET /home/demo/ HTTP/1.1" 200 5151
INFO 2021-11-09 09:12:17,885 basehttp log_message 10576 140446937245440 "GET /static/rest_framework/css/bootstrap-tweaks.css HTTP/1.1" 200 3385
INFO 2021-11-09 09:12:17,917 basehttp log_message 10576 140446919411456 "GET /static/rest_framework/css/default.css HTTP/1.1" 200 1152
INFO 2021-11-09 09:12:17,919 basehttp log_message 10576 140446945638144 "GET /static/rest_framework/css/bootstrap.min.css HTTP/1.1" 200 121457
INFO 2021-11-09 09:12:17,923 basehttp log_message 10576 140446937245440 "GET /static/rest_framework/js/csrf.js HTTP/1.1" 200 1719
INFO 2021-11-09 09:12:17,946 basehttp log_message 10576 140446937245440 "GET /static/rest_framework/js/prettify-min.js HTTP/1.1" 200 13632
INFO 2021-11-09 09:12:17,948 basehttp log_message 10576 140446927804160 "GET /static/rest_framework/css/prettify.css HTTP/1.1" 200 817
INFO 2021-11-09 09:12:17,954 basehttp log_message 10576 140446919411456 "GET /static/rest_framework/js/bootstrap.min.js HTTP/1.1" 200 39680
INFO 2021-11-09 09:12:17,958 basehttp log_message 10576 140446571427584 "GET /static/rest_framework/js/jquery-3.5.1.min.js HTTP/1.1" 200 89476
INFO 2021-11-09 09:12:17,960 basehttp log_message 10576 140446563034880 "GET /static/rest_framework/js/ajax-form.js HTTP/1.1" 200 3597
INFO 2021-11-09 09:12:17,961 basehttp log_message 10576 140446927804160 "GET /static/rest_framework/js/default.js HTTP/1.1" 200 1268
INFO 2021-11-09 09:12:18,004 basehttp log_message 10576 140446919411456 "GET /static/rest_framework/img/grid.png HTTP/1.1" 200 1458
INFO 2021-11-09 09:18:03,679 autoreload run_with_reloader 10656 140072345391488 Watching for file changes with StatReloader
INFO 2021-11-09 09:18:16,654 basehttp log_message 10656 140072279893760 "GET /home/demo/ HTTP/1.1" 200 5227
INFO 2021-11-09 09:18:17,731 basehttp log_message 10656 140072279893760 "GET /home/demo/ HTTP/1.1" 200 5227
INFO 2021-11-09 09:27:32,394 autoreload trigger_reload 10656 140072345391488 /home/moluo/Desktop/fuguang/fuguangapi/fuguangapi/settings/dev.py changed, reloading.
INFO 2021-11-09 09:27:33,044 autoreload run_with_reloader 10810 139907260244352 Watching for file changes with StatReloader
INFO 2021-11-09 09:33:40,685 basehttp log_message 10810 139907194746624 "GET /home/demo/ HTTP/1.1" 200 32
INFO 2021-11-09 09:35:05,871 basehttp log_message 10810 139907194746624 "GET /home/demo/ HTTP/1.1" 200 32
INFO 2021-11-09 09:35:19,077 basehttp log_message 10810 139907194746624 "GET /home/demo/ HTTP/1.1" 200 32
INFO 2021-11-09 10:05:13,274 basehttp log_message 10810 139907194746624 "GET /home/demo/ HTTP/1.1" 200 32
INFO 2021-11-09 10:05:16,060 basehttp log_message 10810 139907194746624 "GET /home/demo/ HTTP/1.1" 200 32
INFO 2021-11-09 10:05:27,695 basehttp log_message 10810 139907194746624 "GET /home/demo/ HTTP/1.1" 200 32
INFO 2021-11-09 10:06:53,271 basehttp log_message 10810 139907194746624 "GET /home/demo/ HTTP/1.1" 200 32
INFO 2021-11-09 10:07:23,144 basehttp log_message 10810 139907194746624 "GET /home/demo/ HTTP/1.1" 200 32
INFO 2021-11-09 10:07:27,242 basehttp log_message 10810 139907194746624 "GET /home/demo/ HTTP/1.1" 200 32
INFO 2021-11-09 10:10:40,689 basehttp log_message 10810 139907185829632 "GET /home/demo/ HTTP/1.1" 200 32
INFO 2021-11-09 10:11:00,339 basehttp log_message 10810 139907185829632 "GET /home/demo/ HTTP/1.1" 200 32
INFO 2021-11-09 10:31:32,602 autoreload run_with_reloader 12384 139814396711296 Watching for file changes with StatReloader
INFO 2021-11-09 10:32:28,027 basehttp log_message 12384 139814264055552 "GET /home/demo/ HTTP/1.1" 200 32
INFO 2021-11-09 14:53:15,033 autoreload run_with_reloader 19076 140378026344832 Watching for file changes with StatReloader
WARNING 2021-11-09 14:53:36,570 log log_response 19076 140377960584960 Not Found: /
WARNING 2021-11-09 14:53:36,572 basehttp log_message 19076 140377960584960 "GET / HTTP/1.1" 404 2173
WARNING 2021-11-09 14:53:37,720 log log_response 19076 140377960584960 Not Found: /favicon.ico
WARNING 2021-11-09 14:53:37,721 basehttp log_message 19076 140377960584960 "GET /favicon.ico HTTP/1.1" 404 2224
WARNING 2021-11-09 14:54:01,108 log log_response 19076 140377960584960 Not Found: /home/
WARNING 2021-11-09 14:54:01,109 basehttp log_message 19076 140377960584960 "GET /home/ HTTP/1.1" 404 2427
INFO 2021-11-09 14:54:15,292 basehttp log_message 19076 140377960584960 "GET /home/nav/header/ HTTP/1.1" 200 6071
INFO 2021-11-09 14:54:34,170 basehttp log_message 19076 140377960584960 "GET /home/nav/footer/ HTTP/1.1" 200 6291
INFO 2021-11-09 14:55:22,766 autoreload run_with_reloader 19400 140178522100096 Watching for file changes with StatReloader
INFO 2021-11-09 14:58:26,730 autoreload run_with_reloader 19437 140166672707968 Watching for file changes with StatReloader
INFO 2021-11-09 14:58:35,470 basehttp log_message 19437 140166606948096 "GET /home/nav/footer/ HTTP/1.1" 200 6291
INFO 2021-11-09 14:58:42,208 basehttp log_message 19437 140166606948096 "GET /home/nav/header HTTP/1.1" 301 0
INFO 2021-11-09 14:58:42,244 basehttp log_message 19437 140166606948096 "GET /home/nav/header/ HTTP/1.1" 200 6071
INFO 2021-11-09 15:23:46,321 autoreload trigger_reload 19437 140166672707968 /home/moluo/Desktop/fuguang/fuguangapi/fuguangapi/utils/constants.py changed, reloading.
INFO 2021-11-09 15:23:47,166 autoreload run_with_reloader 20462 140343852700032 Watching for file changes with StatReloader
INFO 2021-11-09 15:25:58,502 autoreload trigger_reload 20462 140343852700032 /home/moluo/Desktop/fuguang/fuguangapi/fuguangapi/apps/home/views.py changed, reloading.
INFO 2021-11-09 15:25:59,281 autoreload run_with_reloader 20522 140179031101824 Watching for file changes with StatReloader
INFO 2021-11-09 15:35:17,832 autoreload run_with_reloader 20915 139689713205632 Watching for file changes with StatReloader
INFO 2021-11-09 16:01:46,980 autoreload trigger_reload 20915 139689713205632 /home/moluo/Desktop/fuguang/fuguangapi/fuguangapi/apps/home/models.py changed, reloading.
INFO 2021-11-09 16:01:47,807 autoreload run_with_reloader 21802 139691298189696 Watching for file changes with StatReloader
INFO 2021-11-09 16:06:24,570 autoreload trigger_reload 21802 139691298189696 /home/moluo/Desktop/fuguang/fuguangapi/fuguangapi/apps/home/models.py changed, reloading.
INFO 2021-11-09 16:06:25,547 autoreload run_with_reloader 21955 140033387618688 Watching for file changes with StatReloader
INFO 2021-11-10 05:54:32,590 autoreload run_with_reloader 17589 140004011864448 Watching for file changes with StatReloader
INFO 2021-11-10 05:54:49,383 autoreload run_with_reloader 17615 139661743182208 Watching for file changes with StatReloader
WARNING 2021-11-10 05:54:54,706 log log_response 17615 139661599045376 Not Found: /
WARNING 2021-11-10 05:54:54,707 basehttp log_message 17615 139661599045376 "GET / HTTP/1.1" 404 2173
WARNING 2021-11-10 05:54:55,896 log log_response 17615 139661599045376 Not Found: /favicon.ico
WARNING 2021-11-10 05:54:55,896 basehttp log_message 17615 139661599045376 "GET /favicon.ico HTTP/1.1" 404 2224
WARNING 2021-11-10 05:55:04,217 log log_response 17615 139661599045376 Not Found: /home
WARNING 2021-11-10 05:55:04,224 basehttp log_message 17615 139661599045376 "GET /home HTTP/1.1" 404 2203
WARNING 2021-11-10 05:55:11,299 log log_response 17615 139661599045376 Not Found: /home/
WARNING 2021-11-10 05:55:11,300 basehttp log_message 17615 139661599045376 "GET /home/ HTTP/1.1" 404 2427
INFO 2021-11-10 05:55:22,610 basehttp log_message 17615 139661599045376 "GET /home/nav/header/ HTTP/1.1" 200 6071
INFO 2021-11-10 05:55:22,652 basehttp log_message 17615 139661599045376 "GET /static/rest_framework/css/bootstrap.min.css HTTP/1.1" 304 0
INFO 2021-11-10 05:55:22,657 basehttp log_message 17615 139661599045376 "GET /static/rest_framework/css/bootstrap-tweaks.css HTTP/1.1" 304 0
INFO 2021-11-10 05:55:22,669 basehttp log_message 17615 139661599045376 "GET /static/rest_framework/css/prettify.css HTTP/1.1" 304 0
INFO 2021-11-10 05:55:22,676 basehttp log_message 17615 139661599045376 "GET /static/rest_framework/css/default.css HTTP/1.1" 304 0
INFO 2021-11-10 05:55:22,683 basehttp log_message 17615 139661590652672 "GET /static/rest_framework/js/ajax-form.js HTTP/1.1" 304 0
INFO 2021-11-10 05:55:22,685 basehttp log_message 17615 139661599045376 "GET /static/rest_framework/js/jquery-3.5.1.min.js HTTP/1.1" 304 0
INFO 2021-11-10 05:55:22,714 basehttp log_message 17615 139661599045376 "GET /static/rest_framework/js/csrf.js HTTP/1.1" 304 0
INFO 2021-11-10 05:55:22,722 basehttp log_message 17615 139661590652672 "GET /static/rest_framework/js/bootstrap.min.js HTTP/1.1" 304 0
INFO 2021-11-10 05:55:22,728 basehttp log_message 17615 139661590652672 "GET /static/rest_framework/js/prettify-min.js HTTP/1.1" 304 0
INFO 2021-11-10 05:55:22,735 basehttp log_message 17615 139661590652672 "GET /static/rest_framework/js/default.js HTTP/1.1" 304 0
INFO 2021-11-10 05:55:22,744 basehttp log_message 17615 139661590652672 "GET /static/rest_framework/img/grid.png HTTP/1.1" 304 0
WARNING 2021-11-10 05:55:34,971 log log_response 17615 139661573867264 Not Found: /nav/footer/
WARNING 2021-11-10 05:55:34,972 basehttp log_message 17615 139661573867264 "GET /nav/footer/ HTTP/1.1" 404 2224
WARNING 2021-11-10 05:55:34,984 log log_response 17615 139661582259968 Not Found: /nav/header/
WARNING 2021-11-10 05:55:34,985 basehttp log_message 17615 139661582259968 "GET /nav/header/ HTTP/1.1" 404 2224
WARNING 2021-11-10 05:55:36,738 log log_response 17615 139661582259968 Not Found: /nav/header/
WARNING 2021-11-10 05:55:36,749 basehttp log_message 17615 139661582259968 "GET /nav/header/ HTTP/1.1" 404 2224
WARNING 2021-11-10 05:55:36,747 log log_response 17615 139661573867264 Not Found: /nav/footer/
WARNING 2021-11-10 05:55:36,752 basehttp log_message 17615 139661573867264 "GET /nav/footer/ HTTP/1.1" 404 2224
WARNING 2021-11-10 05:55:38,293 log log_response 17615 139661573867264 Not Found: /nav/header/
WARNING 2021-11-10 05:55:38,296 basehttp log_message 17615 139661573867264 "GET /nav/header/ HTTP/1.1" 404 2224
WARNING 2021-11-10 05:55:38,295 log log_response 17615 139661582259968 Not Found: /nav/footer/
WARNING 2021-11-10 05:55:38,296 basehttp log_message 17615 139661582259968 "GET /nav/footer/ HTTP/1.1" 404 2224
INFO 2021-11-10 06:01:14,885 autoreload trigger_reload 17615 139661743182208 /home/moluo/Desktop/fuguang/fuguangapi/fuguangapi/urls.py changed, reloading.
INFO 2021-11-10 06:01:16,123 autoreload run_with_reloader 17802 140500993270144 Watching for file changes with StatReloader
INFO 2021-11-10 06:01:17,397 basehttp log_message 17802 140500855166720 "GET /nav/header/ HTTP/1.1" 200 292
INFO 2021-11-10 06:01:17,422 basehttp log_message 17802 140500846774016 "GET /nav/footer/ HTTP/1.1" 200 386
INFO 2021-11-10 06:01:38,833 basehttp log_message 17802 140500837594880 "GET /nav/header/ HTTP/1.1" 200 6041
INFO 2021-11-10 06:02:41,329 basehttp log_message 17802 140500846774016 "GET /nav/header/ HTTP/1.1" 200 292
INFO 2021-11-10 06:02:41,337 basehttp log_message 17802 140500855166720 "GET /nav/footer/ HTTP/1.1" 200 386
INFO 2021-11-10 06:28:50,434 autoreload trigger_reload 17802 140500993270144 /home/moluo/Desktop/fuguang/fuguangapi/fuguangapi/settings/dev.py changed, reloading.
INFO 2021-11-10 06:28:51,689 autoreload run_with_reloader 18593 140105733521792 Watching for file changes with StatReloader
INFO 2021-11-10 06:42:30,836 autoreload trigger_reload 18593 140105733521792 /home/moluo/Desktop/fuguang/fuguangapi/fuguangapi/apps/home/serializers.py changed, reloading.
INFO 2021-11-10 06:42:31,455 autoreload run_with_reloader 18845 139870245966208 Watching for file changes with StatReloader
INFO 2021-11-10 06:45:05,410 autoreload run_with_reloader 18893 139713509880192 Watching for file changes with StatReloader
INFO 2021-11-10 06:45:27,263 basehttp log_message 18893 139713438414592 "GET /banner HTTP/1.1" 301 0
INFO 2021-11-10 06:45:27,349 basehttp log_message 18893 139713438414592 "GET /banner/ HTTP/1.1" 200 5200
INFO 2021-11-10 06:52:29,723 basehttp log_message 18893 139713438414592 "GET /banner/ HTTP/1.1" 200 6760
INFO 2021-11-10 07:09:11,162 basehttp log_message 18893 139713430021888 "GET /banner/ HTTP/1.1" 200 551
INFO 2021-11-10 07:09:11,174 basehttp log_message 18893 139713420842752 "GET /nav/footer/ HTTP/1.1" 200 386
INFO 2021-11-10 07:09:11,187 basehttp log_message 18893 139713438414592 "GET /nav/header/ HTTP/1.1" 200 292
INFO 2021-11-10 07:09:11,256 basehttp log_message 18893 139713205761792 "GET /uploads/banner/2021/5.jpg HTTP/1.1" 200 158646
INFO 2021-11-10 07:09:11,297 basehttp log_message 18893 139713205761792 "GET /uploads/banner/2021/2.jpg HTTP/1.1" 200 176325
INFO 2021-11-10 07:09:11,316 basehttp log_message 18893 139713205761792 "GET /uploads/banner/2021/1.jpg HTTP/1.1" 200 171972
INFO 2021-11-10 07:09:11,322 basehttp log_message 18893 139713197369088 "GET /uploads/banner/2021/4.jpg HTTP/1.1" 200 1312893
INFO 2021-11-10 07:09:11,328 basehttp log_message 18893 139713188976384 "GET /uploads/banner/2021/3.jpg HTTP/1.1" 200 443034
INFO 2021-11-10 07:09:12,259 basehttp log_message 18893 139713205761792 "GET /banner/ HTTP/1.1" 200 6760
INFO 2021-11-10 07:09:16,156 basehttp log_message 18893 139713420842752 "GET /banner/ HTTP/1.1" 200 551
INFO 2021-11-10 07:09:16,159 basehttp log_message 18893 139713430021888 "GET /nav/footer/ HTTP/1.1" 200 386
INFO 2021-11-10 07:09:16,167 basehttp log_message 18893 139713438414592 "GET /nav/header/ HTTP/1.1" 200 292
INFO 2021-11-10 07:10:25,951 basehttp log_message 18893 139713438414592 "GET /nav/header/ HTTP/1.1" 200 292
INFO 2021-11-10 07:10:26,045 basehttp log_message 18893 139713430021888 "GET /banner/ HTTP/1.1" 200 551
INFO 2021-11-10 07:10:26,054 basehttp log_message 18893 139713420842752 "GET /nav/footer/ HTTP/1.1" 200 386
INFO 2021-11-10 07:31:52,811 autoreload trigger_reload 18893 139713509880192 /home/moluo/Desktop/fuguang/fuguangapi/fuguangapi/apps/home/views.py changed, reloading.
INFO 2021-11-10 07:31:54,338 autoreload run_with_reloader 19824 139698301251968 Watching for file changes with StatReloader
INFO 2021-11-10 07:32:24,868 basehttp log_message 19824 139698162665216 "GET /banner/ HTTP/1.1" 200 6760
INFO 2021-11-10 07:32:26,027 basehttp log_message 19824 139698162665216 "GET /banner/ HTTP/1.1" 200 6760
INFO 2021-11-10 07:53:41,722 basehttp log_message 19824 139698162665216 "GET /nav/header/ HTTP/1.1" 200 292
INFO 2021-11-10 07:53:41,726 basehttp log_message 19824 139698154272512 "GET /nav/footer/ HTTP/1.1" 200 386
INFO 2021-11-10 07:53:41,736 basehttp log_message 19824 139698145093376 "GET /banner/ HTTP/1.1" 200 551
INFO 2021-11-10 08:40:02,687 autoreload trigger_reload 19824 139698301251968 /home/moluo/Desktop/fuguang/fuguangapi/fuguangapi/settings/dev.py changed, reloading.
INFO 2021-11-10 08:40:03,343 autoreload run_with_reloader 20972 140584377577856 Watching for file changes with StatReloader
INFO 2021-11-10 08:46:11,300 autoreload trigger_reload 20972 140584377577856 /home/moluo/Desktop/fuguang/fuguangapi/fuguangapi/urls.py changed, reloading.
INFO 2021-11-10 08:46:12,297 autoreload run_with_reloader 21078 140501113139584 Watching for file changes with StatReloader
INFO 2021-11-10 08:46:32,178 autoreload trigger_reload 21078 140501113139584 /home/moluo/Desktop/fuguang/fuguangapi/fuguangapi/apps/users/models.py changed, reloading.
INFO 2021-11-10 08:46:32,806 autoreload run_with_reloader 21131 140251361788288 Watching for file changes with StatReloader
INFO 2021-11-10 08:55:37,199 autoreload trigger_reload 21131 140251361788288 /home/moluo/Desktop/fuguang/fuguangapi/fuguangapi/apps/users/models.py changed, reloading.
INFO 2021-11-10 08:55:38,056 autoreload run_with_reloader 21277 140272136323456 Watching for file changes with StatReloader
INFO 2021-11-10 12:35:03,040 autoreload trigger_reload 21277 140272136323456 /home/moluo/Desktop/fuguang/fuguangapi/fuguangapi/settings/dev.py changed, reloading.
INFO 2021-11-10 12:35:04,388 autoreload run_with_reloader 23690 140106539684224 Watching for file changes with StatReloader
INFO 2021-11-10 12:35:13,756 autoreload run_with_reloader 23706 140262250393984 Watching for file changes with StatReloader
WARNING 2021-11-10 12:35:19,147 log log_response 23706 140262178928384 Not Found: /
WARNING 2021-11-10 12:35:19,148 basehttp log_message 23706 140262178928384 "GET / HTTP/1.1" 404 2770
INFO 2021-11-10 12:35:57,750 basehttp log_message 23706 140262178928384 "GET /users/login HTTP/1.1" 301 0
ERROR 2021-11-10 12:35:59,086 log log_response 23706 140262178928384 Internal Server Error: /users/login/
Traceback (most recent call last):
  File "/home/moluo/anaconda3/envs/fuguang/lib/python3.8/site-packages/rest_framework/views.py", line 506, in dispatch
    response = handler(request, *args, **kwargs)
  File "/home/moluo/anaconda3/envs/fuguang/lib/python3.8/site-packages/rest_framework/views.py", line 167, in http_method_not_allowed
    raise exceptions.MethodNotAllowed(request.method)
rest_framework.exceptions.MethodNotAllowed: Method "GET" not allowed.

During handling of the above exception, another exception occurred:

Traceback (most recent call last):
  File "/home/moluo/anaconda3/envs/fuguang/lib/python3.8/site-packages/django/core/handlers/exception.py", line 47, in inner
    response = get_response(request)
  File "/home/moluo/anaconda3/envs/fuguang/lib/python3.8/site-packages/django/core/handlers/base.py", line 181, in _get_response
    response = wrapped_callback(request, *callback_args, **callback_kwargs)
  File "/home/moluo/anaconda3/envs/fuguang/lib/python3.8/site-packages/django/views/decorators/csrf.py", line 54, in wrapped_view
    return view_func(*args, **kwargs)
  File "/home/moluo/anaconda3/envs/fuguang/lib/python3.8/site-packages/django/views/generic/base.py", line 70, in view
    return self.dispatch(request, *args, **kwargs)
  File "/home/moluo/anaconda3/envs/fuguang/lib/python3.8/site-packages/rest_framework/views.py", line 509, in dispatch
    response = self.handle_exception(exc)
  File "/home/moluo/anaconda3/envs/fuguang/lib/python3.8/site-packages/rest_framework/views.py", line 466, in handle_exception
    response = exception_handler(exc, context)
  File "/home/moluo/Desktop/fuguang/fuguangapi/fuguangapi/utils/exceptions.py", line 19, in exception_handler
    response = exception_handler(exc, context)
  File "/home/moluo/Desktop/fuguang/fuguangapi/fuguangapi/utils/exceptions.py", line 19, in exception_handler
    response = exception_handler(exc, context)
  File "/home/moluo/Desktop/fuguang/fuguangapi/fuguangapi/utils/exceptions.py", line 19, in exception_handler
    response = exception_handler(exc, context)
  [Previous line repeated 952 more times]
RecursionError: maximum recursion depth exceeded
ERROR 2021-11-10 12:35:59,105 basehttp log_message 23706 140262178928384 "GET /users/login/ HTTP/1.1" 500 4010732
ERROR 2021-11-10 12:36:07,809 log log_response 23706 140262178928384 Internal Server Error: /users/login/
Traceback (most recent call last):
  File "/home/moluo/anaconda3/envs/fuguang/lib/python3.8/site-packages/rest_framework/views.py", line 506, in dispatch
    response = handler(request, *args, **kwargs)
  File "/home/moluo/anaconda3/envs/fuguang/lib/python3.8/site-packages/rest_framework/views.py", line 167, in http_method_not_allowed
    raise exceptions.MethodNotAllowed(request.method)
rest_framework.exceptions.MethodNotAllowed: Method "GET" not allowed.

During handling of the above exception, another exception occurred:

Traceback (most recent call last):
  File "/home/moluo/anaconda3/envs/fuguang/lib/python3.8/site-packages/django/core/handlers/exception.py", line 47, in inner
    response = get_response(request)
  File "/home/moluo/anaconda3/envs/fuguang/lib/python3.8/site-packages/django/core/handlers/base.py", line 181, in _get_response
    response = wrapped_callback(request, *callback_args, **callback_kwargs)
  File "/home/moluo/anaconda3/envs/fuguang/lib/python3.8/site-packages/django/views/decorators/csrf.py", line 54, in wrapped_view
    return view_func(*args, **kwargs)
  File "/home/moluo/anaconda3/envs/fuguang/lib/python3.8/site-packages/django/views/generic/base.py", line 70, in view
    return self.dispatch(request, *args, **kwargs)
  File "/home/moluo/anaconda3/envs/fuguang/lib/python3.8/site-packages/rest_framework/views.py", line 509, in dispatch
    response = self.handle_exception(exc)
  File "/home/moluo/anaconda3/envs/fuguang/lib/python3.8/site-packages/rest_framework/views.py", line 466, in handle_exception
    response = exception_handler(exc, context)
  File "/home/moluo/Desktop/fuguang/fuguangapi/fuguangapi/utils/exceptions.py", line 19, in exception_handler
    response = exception_handler(exc, context)
  File "/home/moluo/Desktop/fuguang/fuguangapi/fuguangapi/utils/exceptions.py", line 19, in exception_handler
    response = exception_handler(exc, context)
  File "/home/moluo/Desktop/fuguang/fuguangapi/fuguangapi/utils/exceptions.py", line 19, in exception_handler
    response = exception_handler(exc, context)
  [Previous line repeated 952 more times]
RecursionError: maximum recursion depth exceeded
ERROR 2021-11-10 12:36:07,820 basehttp log_message 23706 140262178928384 "GET /users/login/ HTTP/1.1" 500 4010869
INFO 2021-11-10 12:36:19,633 basehttp log_message 23706 140262178928384 "GET /admin/login/ HTTP/1.1" 200 2201
INFO 2021-11-10 12:36:19,718 basehttp log_message 23706 140261954942720 "GET /static/admin/css/nav_sidebar.css HTTP/1.1" 200 2271
INFO 2021-11-10 12:36:19,718 basehttp log_message 23706 140262178928384 "GET /static/admin/css/base.css HTTP/1.1" 200 19513
INFO 2021-11-10 12:36:19,719 basehttp log_message 23706 140262170273536 "GET /static/admin/css/login.css HTTP/1.1" 200 939
INFO 2021-11-10 12:36:19,722 basehttp log_message 23706 140261927732992 "GET /static/admin/js/nav_sidebar.js HTTP/1.1" 200 1360
INFO 2021-11-10 12:36:19,727 basehttp log_message 23706 140261946550016 "GET /static/admin/css/responsive.css HTTP/1.1" 200 18545
INFO 2021-11-10 12:36:19,740 basehttp log_message 23706 140261946550016 "GET /static/admin/css/fonts.css HTTP/1.1" 200 423
INFO 2021-11-10 12:36:19,993 basehttp log_message 23706 140261946550016 "GET /static/admin/fonts/Roboto-Regular-webfont.woff HTTP/1.1" 200 85876
INFO 2021-11-10 12:36:19,997 basehttp log_message 23706 140262178928384 "GET /static/admin/fonts/Roboto-Light-webfont.woff HTTP/1.1" 200 85692
INFO 2021-11-10 12:40:12,349 autoreload run_with_reloader 23857 139905149141376 Watching for file changes with StatReloader
ERROR 2021-11-10 12:41:48,000 log log_response 23857 139905002895104 Internal Server Error: /users/login/
Traceback (most recent call last):
  File "/home/moluo/anaconda3/envs/fuguang/lib/python3.8/site-packages/rest_framework/views.py", line 506, in dispatch
    response = handler(request, *args, **kwargs)
  File "/home/moluo/anaconda3/envs/fuguang/lib/python3.8/site-packages/rest_framework/views.py", line 167, in http_method_not_allowed
    raise exceptions.MethodNotAllowed(request.method)
rest_framework.exceptions.MethodNotAllowed: Method "GET" not allowed.

During handling of the above exception, another exception occurred:

Traceback (most recent call last):
  File "/home/moluo/anaconda3/envs/fuguang/lib/python3.8/site-packages/django/core/handlers/exception.py", line 47, in inner
    response = get_response(request)
  File "/home/moluo/anaconda3/envs/fuguang/lib/python3.8/site-packages/django/core/handlers/base.py", line 181, in _get_response
    response = wrapped_callback(request, *callback_args, **callback_kwargs)
  File "/home/moluo/anaconda3/envs/fuguang/lib/python3.8/site-packages/django/views/decorators/csrf.py", line 54, in wrapped_view
    return view_func(*args, **kwargs)
  File "/home/moluo/anaconda3/envs/fuguang/lib/python3.8/site-packages/django/views/generic/base.py", line 70, in view
    return self.dispatch(request, *args, **kwargs)
  File "/home/moluo/anaconda3/envs/fuguang/lib/python3.8/site-packages/rest_framework/views.py", line 509, in dispatch
    response = self.handle_exception(exc)
  File "/home/moluo/anaconda3/envs/fuguang/lib/python3.8/site-packages/rest_framework/views.py", line 466, in handle_exception
    response = exception_handler(exc, context)
  File "/home/moluo/Desktop/fuguang/fuguangapi/fuguangapi/utils/exceptions.py", line 19, in exception_handler
    response = exception_handler(exc, context)
  File "/home/moluo/Desktop/fuguang/fuguangapi/fuguangapi/utils/exceptions.py", line 19, in exception_handler
    response = exception_handler(exc, context)
  File "/home/moluo/Desktop/fuguang/fuguangapi/fuguangapi/utils/exceptions.py", line 19, in exception_handler
    response = exception_handler(exc, context)
  [Previous line repeated 952 more times]
RecursionError: maximum recursion depth exceeded
ERROR 2021-11-10 12:41:48,023 basehttp log_message 23857 139905002895104 "GET /users/login/ HTTP/1.1" 500 4009638
WARNING 2021-11-10 12:42:06,888 log log_response 23857 139905002895104 Bad Request: /users/login/
WARNING 2021-11-10 12:42:06,945 basehttp log_message 23857 139905002895104 "POST /users/login/ HTTP/1.1" 400 79
INFO 2021-11-10 12:44:27,612 basehttp log_message 23857 139905002895104 "POST /users/login/ HTTP/1.1" 200 172
INFO 2021-11-10 12:58:56,271 basehttp log_message 23857 139905002895104 "POST /users/login/ HTTP/1.1" 200 172
INFO 2021-11-10 15:32:59,783 basehttp log_message 23857 139904994502400 "OPTIONS /users/login/ HTTP/1.1" 200 0
INFO 2021-11-10 15:33:00,948 basehttp log_message 23857 139904994502400 "POST /users/login/ HTTP/1.1" 200 172
INFO 2021-11-10 15:33:00,992 basehttp log_message 23857 139904986109696 "POST /users/login/ HTTP/1.1" 200 172
INFO 2021-11-10 15:33:01,351 basehttp log_message 23857 139904967296768 "POST /users/login/ HTTP/1.1" 200 172
INFO 2021-11-10 15:33:01,702 basehttp log_message 23857 139904986109696 "POST /users/login/ HTTP/1.1" 200 172
INFO 2021-11-10 15:33:02,079 basehttp log_message 23857 139904986109696 "POST /users/login/ HTTP/1.1" 200 172
INFO 2021-11-10 15:33:02,255 basehttp log_message 23857 139904967296768 "POST /users/login/ HTTP/1.1" 200 172
INFO 2021-11-10 15:33:02,482 basehttp log_message 23857 139904986109696 "POST /users/login/ HTTP/1.1" 200 172
INFO 2021-11-10 15:33:12,450 basehttp log_message 23857 139904967296768 "POST /users/login/ HTTP/1.1" 200 172
INFO 2021-11-10 15:33:12,516 basehttp log_message 23857 139904986109696 "POST /users/login/ HTTP/1.1" 200 172
INFO 2021-11-10 15:33:20,857 basehttp log_message 23857 139904986109696 "POST /users/login/ HTTP/1.1" 200 172
INFO 2021-11-10 15:33:20,894 basehttp log_message 23857 139904967296768 "POST /users/login/ HTTP/1.1" 200 172
INFO 2021-11-10 15:33:21,284 basehttp log_message 23857 139904994502400 "POST /users/login/ HTTP/1.1" 200 172
INFO 2021-11-10 15:33:21,586 basehttp log_message 23857 139904967296768 "POST /users/login/ HTTP/1.1" 200 172
INFO 2021-11-10 15:33:28,613 basehttp log_message 23857 139904967296768 "POST /users/login/ HTTP/1.1" 200 172
INFO 2021-11-10 15:33:29,915 basehttp log_message 23857 139904967296768 "POST /users/login/ HTTP/1.1" 200 172
INFO 2021-11-10 15:34:13,383 basehttp log_message 23857 139904967296768 "POST /users/login/ HTTP/1.1" 200 172
INFO 2021-11-10 15:34:14,384 basehttp log_message 23857 139904967296768 "POST /users/login/ HTTP/1.1" 200 172
INFO 2021-11-10 15:34:38,180 basehttp log_message 23857 139904967296768 "POST /users/login/ HTTP/1.1" 200 172
INFO 2021-11-10 15:34:40,877 basehttp log_message 23857 139904967296768 "POST /users/login/ HTTP/1.1" 200 172
INFO 2021-11-10 15:34:41,711 basehttp log_message 23857 139904967296768 "POST /users/login/ HTTP/1.1" 200 172
INFO 2021-11-10 15:34:42,225 basehttp log_message 23857 139904967296768 "POST /users/login/ HTTP/1.1" 200 172
INFO 2021-11-10 15:34:42,659 basehttp log_message 23857 139904967296768 "POST /users/login/ HTTP/1.1" 200 172
INFO 2021-11-10 15:34:42,943 basehttp log_message 23857 139904994502400 "POST /users/login/ HTTP/1.1" 200 172
INFO 2021-11-10 15:34:55,662 basehttp log_message 23857 139904994502400 "POST /users/login/ HTTP/1.1" 200 172
INFO 2021-11-10 15:34:56,671 basehttp log_message 23857 139904994502400 "POST /users/login/ HTTP/1.1" 200 172
INFO 2021-11-10 15:36:44,612 basehttp log_message 23857 139904994502400 "POST /users/login/ HTTP/1.1" 200 172
INFO 2021-11-10 15:36:54,195 basehttp log_message 23857 139904994502400 "POST /users/login/ HTTP/1.1" 200 172
INFO 2021-11-10 16:04:07,872 basehttp log_message 23857 139904994502400 "OPTIONS /users/login/ HTTP/1.1" 200 0
INFO 2021-11-10 16:04:08,383 basehttp log_message 23857 139904994502400 "POST /users/login/ HTTP/1.1" 200 172
INFO 2021-11-10 16:04:22,079 basehttp log_message 23857 139904994502400 "POST /users/login/ HTTP/1.1" 200 172
INFO 2021-11-10 16:04:23,460 basehttp log_message 23857 139904994502400 "POST /users/login/ HTTP/1.1" 200 172
INFO 2021-11-10 16:04:24,148 basehttp log_message 23857 139904994502400 "POST /users/login/ HTTP/1.1" 200 172
INFO 2021-11-10 16:04:24,642 basehttp log_message 23857 139904994502400 "POST /users/login/ HTTP/1.1" 200 172
INFO 2021-11-10 16:04:38,203 basehttp log_message 23857 139904994502400 "POST /users/login/ HTTP/1.1" 200 172
INFO 2021-11-10 16:04:39,340 basehttp log_message 23857 139904994502400 "POST /users/login/ HTTP/1.1" 200 172
INFO 2021-11-10 16:04:40,335 basehttp log_message 23857 139904994502400 "POST /users/login/ HTTP/1.1" 200 172
INFO 2021-11-10 16:04:41,239 basehttp log_message 23857 139904994502400 "POST /users/login/ HTTP/1.1" 200 172
INFO 2021-11-10 16:04:42,049 basehttp log_message 23857 139904994502400 "POST /users/login/ HTTP/1.1" 200 172
INFO 2021-11-10 16:04:42,900 basehttp log_message 23857 139904994502400 "POST /users/login/ HTTP/1.1" 200 172
INFO 2021-11-10 16:04:43,790 basehttp log_message 23857 139904994502400 "POST /users/login/ HTTP/1.1" 200 172
INFO 2021-11-10 16:04:44,621 basehttp log_message 23857 139904994502400 "POST /users/login/ HTTP/1.1" 200 172
INFO 2021-11-10 16:04:45,521 basehttp log_message 23857 139904994502400 "POST /users/login/ HTTP/1.1" 200 172
WARNING 2021-11-10 16:04:53,793 log log_response 23857 139904994502400 Bad Request: /users/login/
WARNING 2021-11-10 16:04:53,794 basehttp log_message 23857 139904994502400 "POST /users/login/ HTTP/1.1" 400 68
WARNING 2021-11-10 16:04:56,470 log log_response 23857 139904994502400 Bad Request: /users/login/
WARNING 2021-11-10 16:04:56,471 basehttp log_message 23857 139904994502400 "POST /users/login/ HTTP/1.1" 400 68
WARNING 2021-11-10 16:05:04,671 log log_response 23857 139904994502400 Bad Request: /users/login/
WARNING 2021-11-10 16:05:04,672 basehttp log_message 23857 139904994502400 "POST /users/login/ HTTP/1.1" 400 68
WARNING 2021-11-10 16:05:11,153 log log_response 23857 139904994502400 Bad Request: /users/login/
WARNING 2021-11-10 16:05:11,154 basehttp log_message 23857 139904994502400 "POST /users/login/ HTTP/1.1" 400 68
WARNING 2021-11-10 16:05:12,810 log log_response 23857 139904994502400 Bad Request: /users/login/
WARNING 2021-11-10 16:05:12,810 basehttp log_message 23857 139904994502400 "POST /users/login/ HTTP/1.1" 400 68
WARNING 2021-11-10 16:05:13,602 log log_response 23857 139904994502400 Bad Request: /users/login/
WARNING 2021-11-10 16:05:13,603 basehttp log_message 23857 139904994502400 "POST /users/login/ HTTP/1.1" 400 68
WARNING 2021-11-10 16:05:14,247 log log_response 23857 139904994502400 Bad Request: /users/login/
WARNING 2021-11-10 16:05:14,248 basehttp log_message 23857 139904994502400 "POST /users/login/ HTTP/1.1" 400 68
WARNING 2021-11-10 16:05:20,178 log log_response 23857 139904994502400 Bad Request: /users/login/
WARNING 2021-11-10 16:05:20,179 basehttp log_message 23857 139904994502400 "POST /users/login/ HTTP/1.1" 400 68
WARNING 2021-11-10 16:05:21,222 log log_response 23857 139904994502400 Bad Request: /users/login/
WARNING 2021-11-10 16:05:21,223 basehttp log_message 23857 139904994502400 "POST /users/login/ HTTP/1.1" 400 68
WARNING 2021-11-10 16:05:22,088 log log_response 23857 139904994502400 Bad Request: /users/login/
WARNING 2021-11-10 16:05:22,089 basehttp log_message 23857 139904994502400 "POST /users/login/ HTTP/1.1" 400 68
WARNING 2021-11-10 16:05:25,670 log log_response 23857 139904994502400 Bad Request: /users/login/
WARNING 2021-11-10 16:05:25,671 basehttp log_message 23857 139904994502400 "POST /users/login/ HTTP/1.1" 400 68
WARNING 2021-11-10 16:05:26,758 log log_response 23857 139904994502400 Bad Request: /users/login/
WARNING 2021-11-10 16:05:26,759 basehttp log_message 23857 139904994502400 "POST /users/login/ HTTP/1.1" 400 68
WARNING 2021-11-10 16:05:27,592 log log_response 23857 139904994502400 Bad Request: /users/login/
WARNING 2021-11-10 16:05:27,593 basehttp log_message 23857 139904994502400 "POST /users/login/ HTTP/1.1" 400 68
INFO 2021-11-11 06:33:36,864 autoreload run_with_reloader 6412 139692700365184 Watching for file changes with StatReloader
INFO 2021-11-11 06:34:06,851 basehttp log_message 6412 139692616193792 "OPTIONS /users/login/ HTTP/1.1" 200 0
INFO 2021-11-11 06:34:07,217 basehttp log_message 6412 139692616193792 "POST /users/login/ HTTP/1.1" 200 172
INFO 2021-11-11 06:46:27,631 basehttp log_message 6412 139692616193792 "POST /users/login/ HTTP/1.1" 200 172
INFO 2021-11-11 06:47:33,903 basehttp log_message 6412 139692616193792 "POST /users/login/ HTTP/1.1" 200 172
INFO 2021-11-11 07:01:31,503 basehttp log_message 6412 139692616193792 "POST /users/login/ HTTP/1.1" 200 172
INFO 2021-11-11 07:01:58,638 basehttp log_message 6412 139692616193792 "POST /users/login/ HTTP/1.1" 200 172
INFO 2021-11-11 07:02:45,129 basehttp log_message 6412 139692616193792 "POST /users/login/ HTTP/1.1" 200 172
INFO 2021-11-11 07:42:46,044 autoreload run_with_reloader 7582 139987827806592 Watching for file changes with StatReloader
INFO 2021-11-11 07:55:55,382 basehttp log_message 7582 139987681015552 "GET /nav/header/ HTTP/1.1" 200 292
INFO 2021-11-11 07:55:55,389 basehttp log_message 7582 139987664230144 "GET /nav/footer/ HTTP/1.1" 200 386
INFO 2021-11-11 07:55:55,391 basehttp log_message 7582 139987672622848 "GET /banner/ HTTP/1.1" 200 551
WARNING 2021-11-11 07:58:02,879 log log_response 7582 139987672622848 Bad Request: /users/login/
WARNING 2021-11-11 07:58:02,880 basehttp log_message 7582 139987672622848 "POST /users/login/ HTTP/1.1" 400 68
INFO 2021-11-11 08:00:24,297 autoreload run_with_reloader 7995 140396940812672 Watching for file changes with StatReloader
INFO 2021-11-11 08:32:36,981 basehttp log_message 7995 140396869347072 "OPTIONS /users/login/ HTTP/1.1" 200 0
WARNING 2021-11-11 08:32:37,178 log log_response 7995 140396869347072 Bad Request: /users/login/
WARNING 2021-11-11 08:32:37,179 basehttp log_message 7995 140396869347072 "POST /users/login/ HTTP/1.1" 400 68
WARNING 2021-11-11 08:32:38,915 log log_response 7995 140396869347072 Bad Request: /users/login/
WARNING 2021-11-11 08:32:38,916 basehttp log_message 7995 140396869347072 "POST /users/login/ HTTP/1.1" 400 68
INFO 2021-11-11 08:32:55,732 basehttp log_message 7995 140396869347072 "POST /users/login/ HTTP/1.1" 200 219
INFO 2021-11-11 08:33:37,929 basehttp log_message 7995 140396869347072 "POST /users/login/ HTTP/1.1" 200 219
INFO 2021-11-11 08:34:08,967 basehttp log_message 7995 140396869347072 "POST /users/login/ HTTP/1.1" 200 219
INFO 2021-11-11 08:35:46,669 basehttp log_message 7995 140396869347072 "POST /users/login/ HTTP/1.1" 200 219
INFO 2021-11-11 08:36:04,571 basehttp log_message 7995 140396869347072 "POST /users/login/ HTTP/1.1" 200 219
INFO 2021-11-11 09:33:20,897 basehttp log_message 7995 140396869347072 "OPTIONS /users/login/ HTTP/1.1" 200 0
INFO 2021-11-11 09:33:21,213 basehttp log_message 7995 140396869347072 "POST /users/login/ HTTP/1.1" 200 219
INFO 2021-11-11 10:19:01,524 basehttp log_message 7995 140396869347072 "OPTIONS /users/login/ HTTP/1.1" 200 0
INFO 2021-11-11 10:19:01,788 basehttp log_message 7995 140396869347072 "POST /users/login/ HTTP/1.1" 200 219
INFO 2021-11-11 10:29:29,406 basehttp log_message 7995 140396869347072 "POST /users/login/ HTTP/1.1" 200 219
INFO 2021-11-11 10:31:29,195 basehttp log_message 7995 140396869347072 "POST /users/login/ HTTP/1.1" 200 219
INFO 2021-11-11 10:33:38,270 basehttp log_message 7995 140396869347072 "POST /users/login/ HTTP/1.1" 200 219
INFO 2021-11-11 10:34:07,836 basehttp log_message 7995 140396869347072 "POST /users/login/ HTTP/1.1" 200 219
INFO 2021-11-11 11:44:19,072 basehttp log_message 7995 140396869347072 "POST /users/login/ HTTP/1.1" 200 219
INFO 2021-11-11 12:07:41,659 basehttp log_message 7995 140396869347072 "POST /users/login/ HTTP/1.1" 200 219
INFO 2021-11-11 12:10:23,757 basehttp log_message 7995 140396869347072 "POST /users/login/ HTTP/1.1" 200 219
INFO 2021-11-11 13:24:07,816 basehttp log_message 7995 140396869347072 "OPTIONS /users/login/ HTTP/1.1" 200 0
INFO 2021-11-11 13:24:08,223 basehttp log_message 7995 140396869347072 "POST /users/login/ HTTP/1.1" 200 219
INFO 2021-11-11 13:48:43,376 basehttp log_message 7995 140396869347072 "POST /users/login/ HTTP/1.1" 200 219
INFO 2021-11-11 15:26:50,616 autoreload run_with_reloader 21172 139832308109696 Watching for file changes with StatReloader
INFO 2021-11-11 15:28:12,980 basehttp log_message 21172 139832236119808 "OPTIONS /users/login/ HTTP/1.1" 200 0
ERROR 2021-11-11 15:28:14,232 log log_response 21172 139832236119808 Internal Server Error: /users/login/
Traceback (most recent call last):
  File "/home/moluo/anaconda3/envs/fuguang/lib/python3.8/site-packages/rest_framework/views.py", line 506, in dispatch
    response = handler(request, *args, **kwargs)
  File "/home/moluo/Desktop/fuguang/fuguangapi/fuguangapi/apps/users/views.py", line 14, in post
    api = TencentCloudAPI()
  File "/home/moluo/Desktop/fuguang/fuguangapi/fuguangapi/utils/tencentcloudapi.py", line 13, in __init__
    self.cred = credential.Credential(settings.TENCENTCLOUD["SecretID"], settings.TENCENTCLOUD["SecretKey"])
KeyError: 'SecretID'

During handling of the above exception, another exception occurred:

Traceback (most recent call last):
  File "/home/moluo/anaconda3/envs/fuguang/lib/python3.8/site-packages/django/core/handlers/exception.py", line 47, in inner
    response = get_response(request)
  File "/home/moluo/anaconda3/envs/fuguang/lib/python3.8/site-packages/django/core/handlers/base.py", line 181, in _get_response
    response = wrapped_callback(request, *callback_args, **callback_kwargs)
  File "/home/moluo/anaconda3/envs/fuguang/lib/python3.8/site-packages/django/views/decorators/csrf.py", line 54, in wrapped_view
    return view_func(*args, **kwargs)
  File "/home/moluo/anaconda3/envs/fuguang/lib/python3.8/site-packages/django/views/generic/base.py", line 70, in view
    return self.dispatch(request, *args, **kwargs)
  File "/home/moluo/anaconda3/envs/fuguang/lib/python3.8/site-packages/rest_framework/views.py", line 509, in dispatch
    response = self.handle_exception(exc)
  File "/home/moluo/anaconda3/envs/fuguang/lib/python3.8/site-packages/rest_framework/views.py", line 466, in handle_exception
    response = exception_handler(exc, context)
  File "/home/moluo/Desktop/fuguang/fuguangapi/fuguangapi/utils/exceptions.py", line 19, in exception_handler
    response = exception_handler(exc, context)
  File "/home/moluo/Desktop/fuguang/fuguangapi/fuguangapi/utils/exceptions.py", line 19, in exception_handler
    response = exception_handler(exc, context)
  File "/home/moluo/Desktop/fuguang/fuguangapi/fuguangapi/utils/exceptions.py", line 19, in exception_handler
    response = exception_handler(exc, context)
  [Previous line repeated 952 more times]
RecursionError: maximum recursion depth exceeded
ERROR 2021-11-11 15:28:14,248 basehttp log_message 21172 139832236119808 "POST /users/login/ HTTP/1.1" 500 3994315
ERROR 2021-11-11 15:28:26,824 log log_response 21172 139832236119808 Internal Server Error: /users/login/
Traceback (most recent call last):
  File "/home/moluo/anaconda3/envs/fuguang/lib/python3.8/site-packages/rest_framework/views.py", line 506, in dispatch
    response = handler(request, *args, **kwargs)
  File "/home/moluo/Desktop/fuguang/fuguangapi/fuguangapi/apps/users/views.py", line 14, in post
    api = TencentCloudAPI()
  File "/home/moluo/Desktop/fuguang/fuguangapi/fuguangapi/utils/tencentcloudapi.py", line 13, in __init__
    self.cred = credential.Credential(settings.TENCENTCLOUD["SecretID"], settings.TENCENTCLOUD["SecretKey"])
KeyError: 'SecretID'

During handling of the above exception, another exception occurred:

Traceback (most recent call last):
  File "/home/moluo/anaconda3/envs/fuguang/lib/python3.8/site-packages/django/core/handlers/exception.py", line 47, in inner
    response = get_response(request)
  File "/home/moluo/anaconda3/envs/fuguang/lib/python3.8/site-packages/django/core/handlers/base.py", line 181, in _get_response
    response = wrapped_callback(request, *callback_args, **callback_kwargs)
  File "/home/moluo/anaconda3/envs/fuguang/lib/python3.8/site-packages/django/views/decorators/csrf.py", line 54, in wrapped_view
    return view_func(*args, **kwargs)
  File "/home/moluo/anaconda3/envs/fuguang/lib/python3.8/site-packages/django/views/generic/base.py", line 70, in view
    return self.dispatch(request, *args, **kwargs)
  File "/home/moluo/anaconda3/envs/fuguang/lib/python3.8/site-packages/rest_framework/views.py", line 509, in dispatch
    response = self.handle_exception(exc)
  File "/home/moluo/anaconda3/envs/fuguang/lib/python3.8/site-packages/rest_framework/views.py", line 466, in handle_exception
    response = exception_handler(exc, context)
  File "/home/moluo/Desktop/fuguang/fuguangapi/fuguangapi/utils/exceptions.py", line 19, in exception_handler
    response = exception_handler(exc, context)
  File "/home/moluo/Desktop/fuguang/fuguangapi/fuguangapi/utils/exceptions.py", line 19, in exception_handler
    response = exception_handler(exc, context)
  File "/home/moluo/Desktop/fuguang/fuguangapi/fuguangapi/utils/exceptions.py", line 19, in exception_handler
    response = exception_handler(exc, context)
  [Previous line repeated 952 more times]
RecursionError: maximum recursion depth exceeded
ERROR 2021-11-11 15:28:26,832 basehttp log_message 21172 139832236119808 "POST /users/login/ HTTP/1.1" 500 3994315
ERROR 2021-11-11 15:29:49,703 log log_response 21172 139832236119808 Internal Server Error: /users/login/
Traceback (most recent call last):
  File "/home/moluo/anaconda3/envs/fuguang/lib/python3.8/site-packages/rest_framework/views.py", line 506, in dispatch
    response = handler(request, *args, **kwargs)
  File "/home/moluo/Desktop/fuguang/fuguangapi/fuguangapi/apps/users/views.py", line 14, in post
    api = TencentCloudAPI()
  File "/home/moluo/Desktop/fuguang/fuguangapi/fuguangapi/utils/tencentcloudapi.py", line 13, in __init__
    self.cred = credential.Credential(settings.TENCENTCLOUD["SecretID"], settings.TENCENTCLOUD["SecretKey"])
KeyError: 'SecretID'

During handling of the above exception, another exception occurred:

Traceback (most recent call last):
  File "/home/moluo/anaconda3/envs/fuguang/lib/python3.8/site-packages/django/core/handlers/exception.py", line 47, in inner
    response = get_response(request)
  File "/home/moluo/anaconda3/envs/fuguang/lib/python3.8/site-packages/django/core/handlers/base.py", line 181, in _get_response
    response = wrapped_callback(request, *callback_args, **callback_kwargs)
  File "/home/moluo/anaconda3/envs/fuguang/lib/python3.8/site-packages/django/views/decorators/csrf.py", line 54, in wrapped_view
    return view_func(*args, **kwargs)
  File "/home/moluo/anaconda3/envs/fuguang/lib/python3.8/site-packages/django/views/generic/base.py", line 70, in view
    return self.dispatch(request, *args, **kwargs)
  File "/home/moluo/anaconda3/envs/fuguang/lib/python3.8/site-packages/rest_framework/views.py", line 509, in dispatch
    response = self.handle_exception(exc)
  File "/home/moluo/anaconda3/envs/fuguang/lib/python3.8/site-packages/rest_framework/views.py", line 466, in handle_exception
    response = exception_handler(exc, context)
  File "/home/moluo/Desktop/fuguang/fuguangapi/fuguangapi/utils/exceptions.py", line 19, in exception_handler
    response = exception_handler(exc, context)
  File "/home/moluo/Desktop/fuguang/fuguangapi/fuguangapi/utils/exceptions.py", line 19, in exception_handler
    response = exception_handler(exc, context)
  File "/home/moluo/Desktop/fuguang/fuguangapi/fuguangapi/utils/exceptions.py", line 19, in exception_handler
    response = exception_handler(exc, context)
  [Previous line repeated 952 more times]
RecursionError: maximum recursion depth exceeded
ERROR 2021-11-11 15:29:49,711 basehttp log_message 21172 139832236119808 "POST /users/login/ HTTP/1.1" 500 3994315
INFO 2021-11-11 15:31:53,878 autoreload run_with_reloader 21470 140688914018688 Watching for file changes with StatReloader
WARNING 2021-11-11 15:32:28,983 log log_response 21470 140688767317760 Bad Request: /users/login/
WARNING 2021-11-11 15:32:28,984 basehttp log_message 21470 140688767317760 "POST /users/login/ HTTP/1.1" 400 37
INFO 2021-11-11 15:43:59,067 autoreload run_with_reloader 21630 139745209840000 Watching for file changes with StatReloader
INFO 2021-11-11 15:44:44,770 basehttp log_message 21630 139745070728960 "OPTIONS /users/login/ HTTP/1.1" 200 0
INFO 2021-11-11 15:44:45,416 basehttp log_message 21630 139745070728960 "POST /users/login/ HTTP/1.1" 200 219
INFO 2021-11-12 01:50:20,154 autoreload run_with_reloader 5767 140334216651136 Watching for file changes with StatReloader
INFO 2021-11-12 01:52:12,404 basehttp log_message 5767 140334132217600 "OPTIONS /users/login/ HTTP/1.1" 200 0
INFO 2021-11-12 01:52:13,545 basehttp log_message 5767 140334132217600 "POST /users/login/ HTTP/1.1" 200 219
WARNING 2021-11-12 02:00:42,179 log log_response 5767 140334132217600 Not Found: /
WARNING 2021-11-12 02:00:42,181 basehttp log_message 5767 140334132217600 "GET / HTTP/1.1" 404 2770
WARNING 2021-11-12 02:00:42,404 log log_response 5767 140334132217600 Not Found: /favicon.ico
WARNING 2021-11-12 02:00:42,410 basehttp log_message 5767 140334132217600 "GET /favicon.ico HTTP/1.1" 404 2821
INFO 2021-11-12 02:00:50,668 basehttp log_message 5767 140334132217600 "GET /banner/ HTTP/1.1" 200 6760
INFO 2021-11-12 02:00:50,725 basehttp log_message 5767 140334123001600 "GET /static/rest_framework/css/bootstrap-tweaks.css HTTP/1.1" 304 0
INFO 2021-11-12 02:00:50,726 basehttp log_message 5767 140334132217600 "GET /static/rest_framework/css/bootstrap.min.css HTTP/1.1" 304 0
INFO 2021-11-12 02:00:50,772 basehttp log_message 5767 140334123001600 "GET /static/rest_framework/css/default.css HTTP/1.1" 304 0
INFO 2021-11-12 02:00:50,773 basehttp log_message 5767 140334132217600 "GET /static/rest_framework/css/prettify.css HTTP/1.1" 304 0
INFO 2021-11-12 02:00:50,783 basehttp log_message 5767 140334123001600 "GET /static/rest_framework/js/jquery-3.5.1.min.js HTTP/1.1" 304 0
INFO 2021-11-12 02:00:50,785 basehttp log_message 5767 140334132217600 "GET /static/rest_framework/js/csrf.js HTTP/1.1" 304 0
INFO 2021-11-12 02:00:50,789 basehttp log_message 5767 140334132217600 "GET /static/rest_framework/js/ajax-form.js HTTP/1.1" 304 0
INFO 2021-11-12 02:00:50,801 basehttp log_message 5767 140334132217600 "GET /static/rest_framework/js/bootstrap.min.js HTTP/1.1" 304 0
INFO 2021-11-12 02:00:50,805 basehttp log_message 5767 140334123001600 "GET /static/rest_framework/js/prettify-min.js HTTP/1.1" 304 0
INFO 2021-11-12 02:00:50,817 basehttp log_message 5767 140334123001600 "GET /static/rest_framework/img/grid.png HTTP/1.1" 304 0
INFO 2021-11-12 02:00:50,827 basehttp log_message 5767 140334123001600 "GET /static/rest_framework/js/default.js HTTP/1.1" 304 0
INFO 2021-11-12 06:32:43,628 autoreload run_with_reloader 7500 139937792065920 Watching for file changes with StatReloader
INFO 2021-11-12 06:34:06,898 autoreload run_with_reloader 7571 140032913842560 Watching for file changes with StatReloader
INFO 2021-11-12 06:34:32,229 basehttp log_message 7571 140032774682368 "GET /banner/ HTTP/1.1" 200 551
INFO 2021-11-12 06:34:56,469 basehttp log_message 7571 140032774682368 "OPTIONS /users/login/ HTTP/1.1" 200 0
INFO 2021-11-12 06:34:56,931 basehttp log_message 7571 140032774682368 "POST /users/login/ HTTP/1.1" 200 219
INFO 2021-11-12 06:43:30,240 basehttp log_message 7571 140032774682368 "POST /users/login/ HTTP/1.1" 200 219
INFO 2021-11-12 06:50:55,876 autoreload run_with_reloader 8015 140476584219008 Watching for file changes with StatReloader
INFO 2021-11-12 06:51:53,690 basehttp log_message 8015 140476512229120 "POST /users/login/ HTTP/1.1" 200 219
WARNING 2021-11-12 06:55:05,323 log log_response 8015 140476512229120 Bad Request: /users/login/
WARNING 2021-11-12 06:55:05,328 basehttp log_message 8015 140476512229120 "POST /users/login/ HTTP/1.1" 400 37
INFO 2021-11-12 06:55:19,627 basehttp log_message 8015 140476512229120 "POST /users/login/ HTTP/1.1" 200 219
INFO 2021-11-12 07:57:16,504 autoreload run_with_reloader 9164 140566246216064 Watching for file changes with StatReloader
WARNING 2021-11-12 08:00:48,312 log log_response 9164 140566174226176 Not Found: /users/mobile/1377292312432/
WARNING 2021-11-12 08:00:48,313 basehttp log_message 9164 140566174226176 "GET /users/mobile/1377292312432/ HTTP/1.1" 404 3128
ERROR 2021-11-12 08:00:54,488 log log_response 9164 140566174226176 Internal Server Error: /users/mobile/13772923124/
Traceback (most recent call last):
  File "/home/moluo/anaconda3/envs/fuguang/lib/python3.8/site-packages/rest_framework/views.py", line 506, in dispatch
    response = handler(request, *args, **kwargs)
  File "/home/moluo/Desktop/fuguang/fuguangapi/fuguangapi/apps/users/views.py", line 41, in get
    User.objects.get(modile=mobile)
  File "/home/moluo/anaconda3/envs/fuguang/lib/python3.8/site-packages/django/db/models/manager.py", line 85, in manager_method
    return getattr(self.get_queryset(), name)(*args, **kwargs)
  File "/home/moluo/anaconda3/envs/fuguang/lib/python3.8/site-packages/django/db/models/query.py", line 424, in get
    clone = self._chain() if self.query.combinator else self.filter(*args, **kwargs)
  File "/home/moluo/anaconda3/envs/fuguang/lib/python3.8/site-packages/django/db/models/query.py", line 941, in filter
    return self._filter_or_exclude(False, args, kwargs)
  File "/home/moluo/anaconda3/envs/fuguang/lib/python3.8/site-packages/django/db/models/query.py", line 961, in _filter_or_exclude
    clone._filter_or_exclude_inplace(negate, args, kwargs)
  File "/home/moluo/anaconda3/envs/fuguang/lib/python3.8/site-packages/django/db/models/query.py", line 968, in _filter_or_exclude_inplace
    self._query.add_q(Q(*args, **kwargs))
  File "/home/moluo/anaconda3/envs/fuguang/lib/python3.8/site-packages/django/db/models/sql/query.py", line 1393, in add_q
    clause, _ = self._add_q(q_object, self.used_aliases)
  File "/home/moluo/anaconda3/envs/fuguang/lib/python3.8/site-packages/django/db/models/sql/query.py", line 1412, in _add_q
    child_clause, needed_inner = self.build_filter(
  File "/home/moluo/anaconda3/envs/fuguang/lib/python3.8/site-packages/django/db/models/sql/query.py", line 1286, in build_filter
    lookups, parts, reffed_expression = self.solve_lookup_type(arg)
  File "/home/moluo/anaconda3/envs/fuguang/lib/python3.8/site-packages/django/db/models/sql/query.py", line 1112, in solve_lookup_type
    _, field, _, lookup_parts = self.names_to_path(lookup_splitted, self.get_meta())
  File "/home/moluo/anaconda3/envs/fuguang/lib/python3.8/site-packages/django/db/models/sql/query.py", line 1539, in names_to_path
    raise FieldError("Cannot resolve keyword '%s' into field. "
django.core.exceptions.FieldError: Cannot resolve keyword 'modile' into field. Choices are: avatar, credit, date_joined, email, first_name, groups, id, is_active, is_staff, is_superuser, last_login, last_name, logentry, mobile, money, password, user_permissions, username

During handling of the above exception, another exception occurred:

Traceback (most recent call last):
  File "/home/moluo/anaconda3/envs/fuguang/lib/python3.8/site-packages/django/core/handlers/exception.py", line 47, in inner
    response = get_response(request)
  File "/home/moluo/anaconda3/envs/fuguang/lib/python3.8/site-packages/django/core/handlers/base.py", line 181, in _get_response
    response = wrapped_callback(request, *callback_args, **callback_kwargs)
  File "/home/moluo/anaconda3/envs/fuguang/lib/python3.8/site-packages/django/views/decorators/csrf.py", line 54, in wrapped_view
    return view_func(*args, **kwargs)
  File "/home/moluo/anaconda3/envs/fuguang/lib/python3.8/site-packages/django/views/generic/base.py", line 70, in view
    return self.dispatch(request, *args, **kwargs)
  File "/home/moluo/anaconda3/envs/fuguang/lib/python3.8/site-packages/rest_framework/views.py", line 509, in dispatch
    response = self.handle_exception(exc)
  File "/home/moluo/anaconda3/envs/fuguang/lib/python3.8/site-packages/rest_framework/views.py", line 466, in handle_exception
    response = exception_handler(exc, context)
  File "/home/moluo/Desktop/fuguang/fuguangapi/fuguangapi/utils/exceptions.py", line 19, in exception_handler
    response = exception_handler(exc, context)
  File "/home/moluo/Desktop/fuguang/fuguangapi/fuguangapi/utils/exceptions.py", line 19, in exception_handler
    response = exception_handler(exc, context)
  File "/home/moluo/Desktop/fuguang/fuguangapi/fuguangapi/utils/exceptions.py", line 19, in exception_handler
    response = exception_handler(exc, context)
  [Previous line repeated 952 more times]
RecursionError: maximum recursion depth exceeded
ERROR 2021-11-12 08:00:54,500 basehttp log_message 9164 140566174226176 "GET /users/mobile/13772923124/ HTTP/1.1" 500 4322259
WARNING 2021-11-12 08:01:03,995 log log_response 9164 140566174226176 Not Found: /users/mobile/1377292312/
WARNING 2021-11-12 08:01:03,999 basehttp log_message 9164 140566174226176 "GET /users/mobile/1377292312/ HTTP/1.1" 404 3119
ERROR 2021-11-12 08:01:12,640 log log_response 9164 140566174226176 Internal Server Error: /users/mobile/13772923128/
Traceback (most recent call last):
  File "/home/moluo/anaconda3/envs/fuguang/lib/python3.8/site-packages/rest_framework/views.py", line 506, in dispatch
    response = handler(request, *args, **kwargs)
  File "/home/moluo/Desktop/fuguang/fuguangapi/fuguangapi/apps/users/views.py", line 41, in get
    User.objects.get(modile=mobile)
  File "/home/moluo/anaconda3/envs/fuguang/lib/python3.8/site-packages/django/db/models/manager.py", line 85, in manager_method
    return getattr(self.get_queryset(), name)(*args, **kwargs)
  File "/home/moluo/anaconda3/envs/fuguang/lib/python3.8/site-packages/django/db/models/query.py", line 424, in get
    clone = self._chain() if self.query.combinator else self.filter(*args, **kwargs)
  File "/home/moluo/anaconda3/envs/fuguang/lib/python3.8/site-packages/django/db/models/query.py", line 941, in filter
    return self._filter_or_exclude(False, args, kwargs)
  File "/home/moluo/anaconda3/envs/fuguang/lib/python3.8/site-packages/django/db/models/query.py", line 961, in _filter_or_exclude
    clone._filter_or_exclude_inplace(negate, args, kwargs)
  File "/home/moluo/anaconda3/envs/fuguang/lib/python3.8/site-packages/django/db/models/query.py", line 968, in _filter_or_exclude_inplace
    self._query.add_q(Q(*args, **kwargs))
  File "/home/moluo/anaconda3/envs/fuguang/lib/python3.8/site-packages/django/db/models/sql/query.py", line 1393, in add_q
    clause, _ = self._add_q(q_object, self.used_aliases)
  File "/home/moluo/anaconda3/envs/fuguang/lib/python3.8/site-packages/django/db/models/sql/query.py", line 1412, in _add_q
    child_clause, needed_inner = self.build_filter(
  File "/home/moluo/anaconda3/envs/fuguang/lib/python3.8/site-packages/django/db/models/sql/query.py", line 1286, in build_filter
    lookups, parts, reffed_expression = self.solve_lookup_type(arg)
  File "/home/moluo/anaconda3/envs/fuguang/lib/python3.8/site-packages/django/db/models/sql/query.py", line 1112, in solve_lookup_type
    _, field, _, lookup_parts = self.names_to_path(lookup_splitted, self.get_meta())
  File "/home/moluo/anaconda3/envs/fuguang/lib/python3.8/site-packages/django/db/models/sql/query.py", line 1539, in names_to_path
    raise FieldError("Cannot resolve keyword '%s' into field. "
django.core.exceptions.FieldError: Cannot resolve keyword 'modile' into field. Choices are: avatar, credit, date_joined, email, first_name, groups, id, is_active, is_staff, is_superuser, last_login, last_name, logentry, mobile, money, password, user_permissions, username

During handling of the above exception, another exception occurred:

Traceback (most recent call last):
  File "/home/moluo/anaconda3/envs/fuguang/lib/python3.8/site-packages/django/core/handlers/exception.py", line 47, in inner
    response = get_response(request)
  File "/home/moluo/anaconda3/envs/fuguang/lib/python3.8/site-packages/django/core/handlers/base.py", line 181, in _get_response
    response = wrapped_callback(request, *callback_args, **callback_kwargs)
  File "/home/moluo/anaconda3/envs/fuguang/lib/python3.8/site-packages/django/views/decorators/csrf.py", line 54, in wrapped_view
    return view_func(*args, **kwargs)
  File "/home/moluo/anaconda3/envs/fuguang/lib/python3.8/site-packages/django/views/generic/base.py", line 70, in view
    return self.dispatch(request, *args, **kwargs)
  File "/home/moluo/anaconda3/envs/fuguang/lib/python3.8/site-packages/rest_framework/views.py", line 509, in dispatch
    response = self.handle_exception(exc)
  File "/home/moluo/anaconda3/envs/fuguang/lib/python3.8/site-packages/rest_framework/views.py", line 466, in handle_exception
    response = exception_handler(exc, context)
  File "/home/moluo/Desktop/fuguang/fuguangapi/fuguangapi/utils/exceptions.py", line 19, in exception_handler
    response = exception_handler(exc, context)
  File "/home/moluo/Desktop/fuguang/fuguangapi/fuguangapi/utils/exceptions.py", line 19, in exception_handler
    response = exception_handler(exc, context)
  File "/home/moluo/Desktop/fuguang/fuguangapi/fuguangapi/utils/exceptions.py", line 19, in exception_handler
    response = exception_handler(exc, context)
  [Previous line repeated 952 more times]
RecursionError: maximum recursion depth exceeded
ERROR 2021-11-12 08:01:12,649 basehttp log_message 9164 140566174226176 "GET /users/mobile/13772923128/ HTTP/1.1" 500 4322259
WARNING 2021-11-12 08:01:25,108 log log_response 9164 140566174226176 Not Found: /users/mobile/137729231288/
WARNING 2021-11-12 08:01:25,108 basehttp log_message 9164 140566174226176 "GET /users/mobile/137729231288/ HTTP/1.1" 404 3125
WARNING 2021-11-12 08:01:37,327 log log_response 9164 140566174226176 Not Found: /users/mobile/1377292312885/
WARNING 2021-11-12 08:01:37,328 basehttp log_message 9164 140566174226176 "GET /users/mobile/1377292312885/ HTTP/1.1" 404 3128
ERROR 2021-11-12 08:02:40,903 log log_response 9164 140566174226176 Internal Server Error: /users/mobile/15709283567/
Traceback (most recent call last):
  File "/home/moluo/anaconda3/envs/fuguang/lib/python3.8/site-packages/rest_framework/views.py", line 506, in dispatch
    response = handler(request, *args, **kwargs)
  File "/home/moluo/Desktop/fuguang/fuguangapi/fuguangapi/apps/users/views.py", line 41, in get
    User.objects.get(modile=mobile)
  File "/home/moluo/anaconda3/envs/fuguang/lib/python3.8/site-packages/django/db/models/manager.py", line 85, in manager_method
    return getattr(self.get_queryset(), name)(*args, **kwargs)
  File "/home/moluo/anaconda3/envs/fuguang/lib/python3.8/site-packages/django/db/models/query.py", line 424, in get
    clone = self._chain() if self.query.combinator else self.filter(*args, **kwargs)
  File "/home/moluo/anaconda3/envs/fuguang/lib/python3.8/site-packages/django/db/models/query.py", line 941, in filter
    return self._filter_or_exclude(False, args, kwargs)
  File "/home/moluo/anaconda3/envs/fuguang/lib/python3.8/site-packages/django/db/models/query.py", line 961, in _filter_or_exclude
    clone._filter_or_exclude_inplace(negate, args, kwargs)
  File "/home/moluo/anaconda3/envs/fuguang/lib/python3.8/site-packages/django/db/models/query.py", line 968, in _filter_or_exclude_inplace
    self._query.add_q(Q(*args, **kwargs))
  File "/home/moluo/anaconda3/envs/fuguang/lib/python3.8/site-packages/django/db/models/sql/query.py", line 1393, in add_q
    clause, _ = self._add_q(q_object, self.used_aliases)
  File "/home/moluo/anaconda3/envs/fuguang/lib/python3.8/site-packages/django/db/models/sql/query.py", line 1412, in _add_q
    child_clause, needed_inner = self.build_filter(
  File "/home/moluo/anaconda3/envs/fuguang/lib/python3.8/site-packages/django/db/models/sql/query.py", line 1286, in build_filter
    lookups, parts, reffed_expression = self.solve_lookup_type(arg)
  File "/home/moluo/anaconda3/envs/fuguang/lib/python3.8/site-packages/django/db/models/sql/query.py", line 1112, in solve_lookup_type
    _, field, _, lookup_parts = self.names_to_path(lookup_splitted, self.get_meta())
  File "/home/moluo/anaconda3/envs/fuguang/lib/python3.8/site-packages/django/db/models/sql/query.py", line 1539, in names_to_path
    raise FieldError("Cannot resolve keyword '%s' into field. "
django.core.exceptions.FieldError: Cannot resolve keyword 'modile' into field. Choices are: avatar, credit, date_joined, email, first_name, groups, id, is_active, is_staff, is_superuser, last_login, last_name, logentry, mobile, money, password, user_permissions, username

During handling of the above exception, another exception occurred:

Traceback (most recent call last):
  File "/home/moluo/anaconda3/envs/fuguang/lib/python3.8/site-packages/django/core/handlers/exception.py", line 47, in inner
    response = get_response(request)
  File "/home/moluo/anaconda3/envs/fuguang/lib/python3.8/site-packages/django/core/handlers/base.py", line 181, in _get_response
    response = wrapped_callback(request, *callback_args, **callback_kwargs)
  File "/home/moluo/anaconda3/envs/fuguang/lib/python3.8/site-packages/django/views/decorators/csrf.py", line 54, in wrapped_view
    return view_func(*args, **kwargs)
  File "/home/moluo/anaconda3/envs/fuguang/lib/python3.8/site-packages/django/views/generic/base.py", line 70, in view
    return self.dispatch(request, *args, **kwargs)
  File "/home/moluo/anaconda3/envs/fuguang/lib/python3.8/site-packages/rest_framework/views.py", line 509, in dispatch
    response = self.handle_exception(exc)
  File "/home/moluo/anaconda3/envs/fuguang/lib/python3.8/site-packages/rest_framework/views.py", line 466, in handle_exception
    response = exception_handler(exc, context)
  File "/home/moluo/Desktop/fuguang/fuguangapi/fuguangapi/utils/exceptions.py", line 19, in exception_handler
    response = exception_handler(exc, context)
  File "/home/moluo/Desktop/fuguang/fuguangapi/fuguangapi/utils/exceptions.py", line 19, in exception_handler
    response = exception_handler(exc, context)
  File "/home/moluo/Desktop/fuguang/fuguangapi/fuguangapi/utils/exceptions.py", line 19, in exception_handler
    response = exception_handler(exc, context)
  [Previous line repeated 952 more times]
RecursionError: maximum recursion depth exceeded
ERROR 2021-11-12 08:02:40,910 basehttp log_message 9164 140566174226176 "GET /users/mobile/15709283567/ HTTP/1.1" 500 4322259
ERROR 2021-11-12 08:04:46,580 log log_response 9164 140566174226176 Internal Server Error: /users/mobile/13772923138/
Traceback (most recent call last):
  File "/home/moluo/anaconda3/envs/fuguang/lib/python3.8/site-packages/rest_framework/views.py", line 506, in dispatch
    response = handler(request, *args, **kwargs)
  File "/home/moluo/Desktop/fuguang/fuguangapi/fuguangapi/apps/users/views.py", line 41, in get
    User.objects.get(modile=mobile)
  File "/home/moluo/anaconda3/envs/fuguang/lib/python3.8/site-packages/django/db/models/manager.py", line 85, in manager_method
    return getattr(self.get_queryset(), name)(*args, **kwargs)
  File "/home/moluo/anaconda3/envs/fuguang/lib/python3.8/site-packages/django/db/models/query.py", line 424, in get
    clone = self._chain() if self.query.combinator else self.filter(*args, **kwargs)
  File "/home/moluo/anaconda3/envs/fuguang/lib/python3.8/site-packages/django/db/models/query.py", line 941, in filter
    return self._filter_or_exclude(False, args, kwargs)
  File "/home/moluo/anaconda3/envs/fuguang/lib/python3.8/site-packages/django/db/models/query.py", line 961, in _filter_or_exclude
    clone._filter_or_exclude_inplace(negate, args, kwargs)
  File "/home/moluo/anaconda3/envs/fuguang/lib/python3.8/site-packages/django/db/models/query.py", line 968, in _filter_or_exclude_inplace
    self._query.add_q(Q(*args, **kwargs))
  File "/home/moluo/anaconda3/envs/fuguang/lib/python3.8/site-packages/django/db/models/sql/query.py", line 1393, in add_q
    clause, _ = self._add_q(q_object, self.used_aliases)
  File "/home/moluo/anaconda3/envs/fuguang/lib/python3.8/site-packages/django/db/models/sql/query.py", line 1412, in _add_q
    child_clause, needed_inner = self.build_filter(
  File "/home/moluo/anaconda3/envs/fuguang/lib/python3.8/site-packages/django/db/models/sql/query.py", line 1286, in build_filter
    lookups, parts, reffed_expression = self.solve_lookup_type(arg)
  File "/home/moluo/anaconda3/envs/fuguang/lib/python3.8/site-packages/django/db/models/sql/query.py", line 1112, in solve_lookup_type
    _, field, _, lookup_parts = self.names_to_path(lookup_splitted, self.get_meta())
  File "/home/moluo/anaconda3/envs/fuguang/lib/python3.8/site-packages/django/db/models/sql/query.py", line 1539, in names_to_path
    raise FieldError("Cannot resolve keyword '%s' into field. "
django.core.exceptions.FieldError: Cannot resolve keyword 'modile' into field. Choices are: avatar, credit, date_joined, email, first_name, groups, id, is_active, is_staff, is_superuser, last_login, last_name, logentry, mobile, money, password, user_permissions, username

During handling of the above exception, another exception occurred:

Traceback (most recent call last):
  File "/home/moluo/anaconda3/envs/fuguang/lib/python3.8/site-packages/django/core/handlers/exception.py", line 47, in inner
    response = get_response(request)
  File "/home/moluo/anaconda3/envs/fuguang/lib/python3.8/site-packages/django/core/handlers/base.py", line 181, in _get_response
    response = wrapped_callback(request, *callback_args, **callback_kwargs)
  File "/home/moluo/anaconda3/envs/fuguang/lib/python3.8/site-packages/django/views/decorators/csrf.py", line 54, in wrapped_view
    return view_func(*args, **kwargs)
  File "/home/moluo/anaconda3/envs/fuguang/lib/python3.8/site-packages/django/views/generic/base.py", line 70, in view
    return self.dispatch(request, *args, **kwargs)
  File "/home/moluo/anaconda3/envs/fuguang/lib/python3.8/site-packages/rest_framework/views.py", line 509, in dispatch
    response = self.handle_exception(exc)
  File "/home/moluo/anaconda3/envs/fuguang/lib/python3.8/site-packages/rest_framework/views.py", line 466, in handle_exception
    response = exception_handler(exc, context)
  File "/home/moluo/Desktop/fuguang/fuguangapi/fuguangapi/utils/exceptions.py", line 19, in exception_handler
    response = exception_handler(exc, context)
  File "/home/moluo/Desktop/fuguang/fuguangapi/fuguangapi/utils/exceptions.py", line 19, in exception_handler
    response = exception_handler(exc, context)
  File "/home/moluo/Desktop/fuguang/fuguangapi/fuguangapi/utils/exceptions.py", line 19, in exception_handler
    response = exception_handler(exc, context)
  [Previous line repeated 952 more times]
RecursionError: maximum recursion depth exceeded
ERROR 2021-11-12 08:04:46,589 basehttp log_message 9164 140566174226176 "GET /users/mobile/13772923138/ HTTP/1.1" 500 4322524
INFO 2021-11-12 08:05:24,324 autoreload run_with_reloader 9444 140287406850432 Watching for file changes with StatReloader
ERROR 2021-11-12 08:05:43,568 log log_response 9444 140287334860544 Internal Server Error: /users/mobile/13772923138/
Traceback (most recent call last):
  File "/home/moluo/anaconda3/envs/fuguang/lib/python3.8/site-packages/rest_framework/views.py", line 506, in dispatch
    response = handler(request, *args, **kwargs)
  File "/home/moluo/Desktop/fuguang/fuguangapi/fuguangapi/apps/users/views.py", line 41, in get
    User.objects.get(modile=mobile)
  File "/home/moluo/anaconda3/envs/fuguang/lib/python3.8/site-packages/django/db/models/manager.py", line 85, in manager_method
    return getattr(self.get_queryset(), name)(*args, **kwargs)
  File "/home/moluo/anaconda3/envs/fuguang/lib/python3.8/site-packages/django/db/models/query.py", line 424, in get
    clone = self._chain() if self.query.combinator else self.filter(*args, **kwargs)
  File "/home/moluo/anaconda3/envs/fuguang/lib/python3.8/site-packages/django/db/models/query.py", line 941, in filter
    return self._filter_or_exclude(False, args, kwargs)
  File "/home/moluo/anaconda3/envs/fuguang/lib/python3.8/site-packages/django/db/models/query.py", line 961, in _filter_or_exclude
    clone._filter_or_exclude_inplace(negate, args, kwargs)
  File "/home/moluo/anaconda3/envs/fuguang/lib/python3.8/site-packages/django/db/models/query.py", line 968, in _filter_or_exclude_inplace
    self._query.add_q(Q(*args, **kwargs))
  File "/home/moluo/anaconda3/envs/fuguang/lib/python3.8/site-packages/django/db/models/sql/query.py", line 1393, in add_q
    clause, _ = self._add_q(q_object, self.used_aliases)
  File "/home/moluo/anaconda3/envs/fuguang/lib/python3.8/site-packages/django/db/models/sql/query.py", line 1412, in _add_q
    child_clause, needed_inner = self.build_filter(
  File "/home/moluo/anaconda3/envs/fuguang/lib/python3.8/site-packages/django/db/models/sql/query.py", line 1286, in build_filter
    lookups, parts, reffed_expression = self.solve_lookup_type(arg)
  File "/home/moluo/anaconda3/envs/fuguang/lib/python3.8/site-packages/django/db/models/sql/query.py", line 1112, in solve_lookup_type
    _, field, _, lookup_parts = self.names_to_path(lookup_splitted, self.get_meta())
  File "/home/moluo/anaconda3/envs/fuguang/lib/python3.8/site-packages/django/db/models/sql/query.py", line 1539, in names_to_path
    raise FieldError("Cannot resolve keyword '%s' into field. "
django.core.exceptions.FieldError: Cannot resolve keyword 'modile' into field. Choices are: avatar, credit, date_joined, email, first_name, groups, id, is_active, is_staff, is_superuser, last_login, last_name, logentry, mobile, money, password, user_permissions, username

During handling of the above exception, another exception occurred:

Traceback (most recent call last):
  File "/home/moluo/anaconda3/envs/fuguang/lib/python3.8/site-packages/django/core/handlers/exception.py", line 47, in inner
    response = get_response(request)
  File "/home/moluo/anaconda3/envs/fuguang/lib/python3.8/site-packages/django/core/handlers/base.py", line 181, in _get_response
    response = wrapped_callback(request, *callback_args, **callback_kwargs)
  File "/home/moluo/anaconda3/envs/fuguang/lib/python3.8/site-packages/django/views/decorators/csrf.py", line 54, in wrapped_view
    return view_func(*args, **kwargs)
  File "/home/moluo/anaconda3/envs/fuguang/lib/python3.8/site-packages/django/views/generic/base.py", line 70, in view
    return self.dispatch(request, *args, **kwargs)
  File "/home/moluo/anaconda3/envs/fuguang/lib/python3.8/site-packages/rest_framework/views.py", line 509, in dispatch
    response = self.handle_exception(exc)
  File "/home/moluo/anaconda3/envs/fuguang/lib/python3.8/site-packages/rest_framework/views.py", line 466, in handle_exception
    response = exception_handler(exc, context)
  File "/home/moluo/Desktop/fuguang/fuguangapi/fuguangapi/utils/exceptions.py", line 19, in exception_handler
    response = exception_handler(exc, context)
  File "/home/moluo/Desktop/fuguang/fuguangapi/fuguangapi/utils/exceptions.py", line 19, in exception_handler
    response = exception_handler(exc, context)
  File "/home/moluo/Desktop/fuguang/fuguangapi/fuguangapi/utils/exceptions.py", line 19, in exception_handler
    response = exception_handler(exc, context)
  [Previous line repeated 952 more times]
RecursionError: maximum recursion depth exceeded
ERROR 2021-11-12 08:05:43,581 basehttp log_message 9444 140287334860544 "GET /users/mobile/13772923138/ HTTP/1.1" 500 4322524
INFO 2021-11-12 08:16:48,913 basehttp log_message 9444 140287254198016 "GET /banner/ HTTP/1.1" 200 551
INFO 2021-11-12 08:16:49,719 basehttp log_message 9444 140287224809216 "GET /uploads/banner/2021/5.jpg HTTP/1.1" 200 158646
INFO 2021-11-12 08:16:49,752 basehttp log_message 9444 140287199631104 "GET /uploads/banner/2021/2.jpg HTTP/1.1" 200 176325
INFO 2021-11-12 08:16:49,828 basehttp log_message 9444 140287224809216 "GET /uploads/banner/2021/1.jpg HTTP/1.1" 200 171972
INFO 2021-11-12 08:16:49,952 basehttp log_message 9444 140287208023808 "GET /uploads/banner/2021/3.jpg HTTP/1.1" 200 443034
INFO 2021-11-12 08:16:49,981 basehttp log_message 9444 140287245805312 "GET /nav/footer/ HTTP/1.1" 200 386
INFO 2021-11-12 08:16:49,984 basehttp log_message 9444 140287334860544 "GET /nav/header/ HTTP/1.1" 200 292
INFO 2021-11-12 08:16:50,034 basehttp log_message 9444 140287216416512 "GET /uploads/banner/2021/4.jpg HTTP/1.1" 200 1312893
INFO 2021-11-12 08:16:52,281 basehttp log_message 9444 140287254198016 "GET /nav/footer/ HTTP/1.1" 200 386
INFO 2021-11-12 08:16:52,284 basehttp log_message 9444 140287334860544 "GET /nav/header/ HTTP/1.1" 200 292
INFO 2021-11-12 08:16:52,284 basehttp log_message 9444 140287245805312 "GET /banner/ HTTP/1.1" 200 551
INFO 2021-11-12 08:16:52,384 basehttp log_message 9444 140287216416512 "GET /uploads/banner/2021/5.jpg HTTP/1.1" 200 158646
INFO 2021-11-12 08:16:52,398 basehttp log_message 9444 140287208023808 "GET /uploads/banner/2021/4.jpg HTTP/1.1" 200 1312893
INFO 2021-11-12 08:16:52,412 basehttp log_message 9444 140287224809216 "GET /uploads/banner/2021/3.jpg HTTP/1.1" 200 443034
INFO 2021-11-12 08:16:52,425 basehttp log_message 9444 140287199631104 "GET /uploads/banner/2021/2.jpg HTTP/1.1" 200 176325
INFO 2021-11-12 08:16:52,442 basehttp log_message 9444 140287216416512 "GET /uploads/banner/2021/1.jpg HTTP/1.1" 200 171972
INFO 2021-11-12 08:17:15,705 basehttp log_message 9444 140287334860544 "POST /users/login/ HTTP/1.1" 200 219
ERROR 2021-11-12 08:21:00,146 log log_response 9444 140287334860544 Internal Server Error: /users/mobile/13772923138/
Traceback (most recent call last):
  File "/home/moluo/anaconda3/envs/fuguang/lib/python3.8/site-packages/rest_framework/views.py", line 506, in dispatch
    response = handler(request, *args, **kwargs)
  File "/home/moluo/Desktop/fuguang/fuguangapi/fuguangapi/apps/users/views.py", line 41, in get
    User.objects.get(modile=mobile)
  File "/home/moluo/anaconda3/envs/fuguang/lib/python3.8/site-packages/django/db/models/manager.py", line 85, in manager_method
    return getattr(self.get_queryset(), name)(*args, **kwargs)
  File "/home/moluo/anaconda3/envs/fuguang/lib/python3.8/site-packages/django/db/models/query.py", line 424, in get
    clone = self._chain() if self.query.combinator else self.filter(*args, **kwargs)
  File "/home/moluo/anaconda3/envs/fuguang/lib/python3.8/site-packages/django/db/models/query.py", line 941, in filter
    return self._filter_or_exclude(False, args, kwargs)
  File "/home/moluo/anaconda3/envs/fuguang/lib/python3.8/site-packages/django/db/models/query.py", line 961, in _filter_or_exclude
    clone._filter_or_exclude_inplace(negate, args, kwargs)
  File "/home/moluo/anaconda3/envs/fuguang/lib/python3.8/site-packages/django/db/models/query.py", line 968, in _filter_or_exclude_inplace
    self._query.add_q(Q(*args, **kwargs))
  File "/home/moluo/anaconda3/envs/fuguang/lib/python3.8/site-packages/django/db/models/sql/query.py", line 1393, in add_q
    clause, _ = self._add_q(q_object, self.used_aliases)
  File "/home/moluo/anaconda3/envs/fuguang/lib/python3.8/site-packages/django/db/models/sql/query.py", line 1412, in _add_q
    child_clause, needed_inner = self.build_filter(
  File "/home/moluo/anaconda3/envs/fuguang/lib/python3.8/site-packages/django/db/models/sql/query.py", line 1286, in build_filter
    lookups, parts, reffed_expression = self.solve_lookup_type(arg)
  File "/home/moluo/anaconda3/envs/fuguang/lib/python3.8/site-packages/django/db/models/sql/query.py", line 1112, in solve_lookup_type
    _, field, _, lookup_parts = self.names_to_path(lookup_splitted, self.get_meta())
  File "/home/moluo/anaconda3/envs/fuguang/lib/python3.8/site-packages/django/db/models/sql/query.py", line 1539, in names_to_path
    raise FieldError("Cannot resolve keyword '%s' into field. "
django.core.exceptions.FieldError: Cannot resolve keyword 'modile' into field. Choices are: avatar, credit, date_joined, email, first_name, groups, id, is_active, is_staff, is_superuser, last_login, last_name, logentry, mobile, money, password, user_permissions, username

During handling of the above exception, another exception occurred:

Traceback (most recent call last):
  File "/home/moluo/anaconda3/envs/fuguang/lib/python3.8/site-packages/django/core/handlers/exception.py", line 47, in inner
    response = get_response(request)
  File "/home/moluo/anaconda3/envs/fuguang/lib/python3.8/site-packages/django/core/handlers/base.py", line 181, in _get_response
    response = wrapped_callback(request, *callback_args, **callback_kwargs)
  File "/home/moluo/anaconda3/envs/fuguang/lib/python3.8/site-packages/django/views/decorators/csrf.py", line 54, in wrapped_view
    return view_func(*args, **kwargs)
  File "/home/moluo/anaconda3/envs/fuguang/lib/python3.8/site-packages/django/views/generic/base.py", line 70, in view
    return self.dispatch(request, *args, **kwargs)
  File "/home/moluo/anaconda3/envs/fuguang/lib/python3.8/site-packages/rest_framework/views.py", line 509, in dispatch
    response = self.handle_exception(exc)
  File "/home/moluo/anaconda3/envs/fuguang/lib/python3.8/site-packages/rest_framework/views.py", line 466, in handle_exception
    response = exception_handler(exc, context)
  File "/home/moluo/Desktop/fuguang/fuguangapi/fuguangapi/utils/exceptions.py", line 19, in exception_handler
    response = exception_handler(exc, context)
  File "/home/moluo/Desktop/fuguang/fuguangapi/fuguangapi/utils/exceptions.py", line 19, in exception_handler
    response = exception_handler(exc, context)
  File "/home/moluo/Desktop/fuguang/fuguangapi/fuguangapi/utils/exceptions.py", line 19, in exception_handler
    response = exception_handler(exc, context)
  [Previous line repeated 952 more times]
RecursionError: maximum recursion depth exceeded
ERROR 2021-11-12 08:21:00,175 basehttp log_message 9444 140287334860544 "GET /users/mobile/13772923138/ HTTP/1.1" 500 4322524
ERROR 2021-11-12 08:21:19,923 log log_response 9444 140287334860544 Internal Server Error: /users/mobile/15709283422/
Traceback (most recent call last):
  File "/home/moluo/anaconda3/envs/fuguang/lib/python3.8/site-packages/rest_framework/views.py", line 506, in dispatch
    response = handler(request, *args, **kwargs)
  File "/home/moluo/Desktop/fuguang/fuguangapi/fuguangapi/apps/users/views.py", line 41, in get
    User.objects.get(modile=mobile)
  File "/home/moluo/anaconda3/envs/fuguang/lib/python3.8/site-packages/django/db/models/manager.py", line 85, in manager_method
    return getattr(self.get_queryset(), name)(*args, **kwargs)
  File "/home/moluo/anaconda3/envs/fuguang/lib/python3.8/site-packages/django/db/models/query.py", line 424, in get
    clone = self._chain() if self.query.combinator else self.filter(*args, **kwargs)
  File "/home/moluo/anaconda3/envs/fuguang/lib/python3.8/site-packages/django/db/models/query.py", line 941, in filter
    return self._filter_or_exclude(False, args, kwargs)
  File "/home/moluo/anaconda3/envs/fuguang/lib/python3.8/site-packages/django/db/models/query.py", line 961, in _filter_or_exclude
    clone._filter_or_exclude_inplace(negate, args, kwargs)
  File "/home/moluo/anaconda3/envs/fuguang/lib/python3.8/site-packages/django/db/models/query.py", line 968, in _filter_or_exclude_inplace
    self._query.add_q(Q(*args, **kwargs))
  File "/home/moluo/anaconda3/envs/fuguang/lib/python3.8/site-packages/django/db/models/sql/query.py", line 1393, in add_q
    clause, _ = self._add_q(q_object, self.used_aliases)
  File "/home/moluo/anaconda3/envs/fuguang/lib/python3.8/site-packages/django/db/models/sql/query.py", line 1412, in _add_q
    child_clause, needed_inner = self.build_filter(
  File "/home/moluo/anaconda3/envs/fuguang/lib/python3.8/site-packages/django/db/models/sql/query.py", line 1286, in build_filter
    lookups, parts, reffed_expression = self.solve_lookup_type(arg)
  File "/home/moluo/anaconda3/envs/fuguang/lib/python3.8/site-packages/django/db/models/sql/query.py", line 1112, in solve_lookup_type
    _, field, _, lookup_parts = self.names_to_path(lookup_splitted, self.get_meta())
  File "/home/moluo/anaconda3/envs/fuguang/lib/python3.8/site-packages/django/db/models/sql/query.py", line 1539, in names_to_path
    raise FieldError("Cannot resolve keyword '%s' into field. "
django.core.exceptions.FieldError: Cannot resolve keyword 'modile' into field. Choices are: avatar, credit, date_joined, email, first_name, groups, id, is_active, is_staff, is_superuser, last_login, last_name, logentry, mobile, money, password, user_permissions, username

During handling of the above exception, another exception occurred:

Traceback (most recent call last):
  File "/home/moluo/anaconda3/envs/fuguang/lib/python3.8/site-packages/django/core/handlers/exception.py", line 47, in inner
    response = get_response(request)
  File "/home/moluo/anaconda3/envs/fuguang/lib/python3.8/site-packages/django/core/handlers/base.py", line 181, in _get_response
    response = wrapped_callback(request, *callback_args, **callback_kwargs)
  File "/home/moluo/anaconda3/envs/fuguang/lib/python3.8/site-packages/django/views/decorators/csrf.py", line 54, in wrapped_view
    return view_func(*args, **kwargs)
  File "/home/moluo/anaconda3/envs/fuguang/lib/python3.8/site-packages/django/views/generic/base.py", line 70, in view
    return self.dispatch(request, *args, **kwargs)
  File "/home/moluo/anaconda3/envs/fuguang/lib/python3.8/site-packages/rest_framework/views.py", line 509, in dispatch
    response = self.handle_exception(exc)
  File "/home/moluo/anaconda3/envs/fuguang/lib/python3.8/site-packages/rest_framework/views.py", line 466, in handle_exception
    response = exception_handler(exc, context)
  File "/home/moluo/Desktop/fuguang/fuguangapi/fuguangapi/utils/exceptions.py", line 19, in exception_handler
    response = exception_handler(exc, context)
  File "/home/moluo/Desktop/fuguang/fuguangapi/fuguangapi/utils/exceptions.py", line 19, in exception_handler
    response = exception_handler(exc, context)
  File "/home/moluo/Desktop/fuguang/fuguangapi/fuguangapi/utils/exceptions.py", line 19, in exception_handler
    response = exception_handler(exc, context)
  [Previous line repeated 952 more times]
RecursionError: maximum recursion depth exceeded
ERROR 2021-11-12 08:21:19,931 basehttp log_message 9444 140287334860544 "GET /users/mobile/15709283422/ HTTP/1.1" 500 4322524
INFO 2021-11-12 08:21:56,573 autoreload run_with_reloader 9833 139817056235904 Watching for file changes with StatReloader
ERROR 2021-11-12 08:22:14,477 log log_response 9833 139816984246016 Internal Server Error: /users/mobile/16833445566/
Traceback (most recent call last):
  File "/home/moluo/anaconda3/envs/fuguang/lib/python3.8/site-packages/rest_framework/views.py", line 506, in dispatch
    response = handler(request, *args, **kwargs)
  File "/home/moluo/Desktop/fuguang/fuguangapi/fuguangapi/apps/users/views.py", line 41, in get
    User.objects.get(modile=mobile)
  File "/home/moluo/anaconda3/envs/fuguang/lib/python3.8/site-packages/django/db/models/manager.py", line 85, in manager_method
    return getattr(self.get_queryset(), name)(*args, **kwargs)
  File "/home/moluo/anaconda3/envs/fuguang/lib/python3.8/site-packages/django/db/models/query.py", line 424, in get
    clone = self._chain() if self.query.combinator else self.filter(*args, **kwargs)
  File "/home/moluo/anaconda3/envs/fuguang/lib/python3.8/site-packages/django/db/models/query.py", line 941, in filter
    return self._filter_or_exclude(False, args, kwargs)
  File "/home/moluo/anaconda3/envs/fuguang/lib/python3.8/site-packages/django/db/models/query.py", line 961, in _filter_or_exclude
    clone._filter_or_exclude_inplace(negate, args, kwargs)
  File "/home/moluo/anaconda3/envs/fuguang/lib/python3.8/site-packages/django/db/models/query.py", line 968, in _filter_or_exclude_inplace
    self._query.add_q(Q(*args, **kwargs))
  File "/home/moluo/anaconda3/envs/fuguang/lib/python3.8/site-packages/django/db/models/sql/query.py", line 1393, in add_q
    clause, _ = self._add_q(q_object, self.used_aliases)
  File "/home/moluo/anaconda3/envs/fuguang/lib/python3.8/site-packages/django/db/models/sql/query.py", line 1412, in _add_q
    child_clause, needed_inner = self.build_filter(
  File "/home/moluo/anaconda3/envs/fuguang/lib/python3.8/site-packages/django/db/models/sql/query.py", line 1286, in build_filter
    lookups, parts, reffed_expression = self.solve_lookup_type(arg)
  File "/home/moluo/anaconda3/envs/fuguang/lib/python3.8/site-packages/django/db/models/sql/query.py", line 1112, in solve_lookup_type
    _, field, _, lookup_parts = self.names_to_path(lookup_splitted, self.get_meta())
  File "/home/moluo/anaconda3/envs/fuguang/lib/python3.8/site-packages/django/db/models/sql/query.py", line 1539, in names_to_path
    raise FieldError("Cannot resolve keyword '%s' into field. "
django.core.exceptions.FieldError: Cannot resolve keyword 'modile' into field. Choices are: avatar, credit, date_joined, email, first_name, groups, id, is_active, is_staff, is_superuser, last_login, last_name, logentry, mobile, money, password, user_permissions, username

During handling of the above exception, another exception occurred:

Traceback (most recent call last):
  File "/home/moluo/anaconda3/envs/fuguang/lib/python3.8/site-packages/django/core/handlers/exception.py", line 47, in inner
    response = get_response(request)
  File "/home/moluo/anaconda3/envs/fuguang/lib/python3.8/site-packages/django/core/handlers/base.py", line 181, in _get_response
    response = wrapped_callback(request, *callback_args, **callback_kwargs)
  File "/home/moluo/anaconda3/envs/fuguang/lib/python3.8/site-packages/django/views/decorators/csrf.py", line 54, in wrapped_view
    return view_func(*args, **kwargs)
  File "/home/moluo/anaconda3/envs/fuguang/lib/python3.8/site-packages/django/views/generic/base.py", line 70, in view
    return self.dispatch(request, *args, **kwargs)
  File "/home/moluo/anaconda3/envs/fuguang/lib/python3.8/site-packages/rest_framework/views.py", line 509, in dispatch
    response = self.handle_exception(exc)
  File "/home/moluo/anaconda3/envs/fuguang/lib/python3.8/site-packages/rest_framework/views.py", line 466, in handle_exception
    response = exception_handler(exc, context)
  File "/home/moluo/Desktop/fuguang/fuguangapi/fuguangapi/utils/exceptions.py", line 19, in exception_handler
    response = exception_handler(exc, context)
  File "/home/moluo/Desktop/fuguang/fuguangapi/fuguangapi/utils/exceptions.py", line 19, in exception_handler
    response = exception_handler(exc, context)
  File "/home/moluo/Desktop/fuguang/fuguangapi/fuguangapi/utils/exceptions.py", line 19, in exception_handler
    response = exception_handler(exc, context)
  [Previous line repeated 952 more times]
RecursionError: maximum recursion depth exceeded
ERROR 2021-11-12 08:22:14,510 basehttp log_message 9833 139816984246016 "GET /users/mobile/16833445566/ HTTP/1.1" 500 4322524
ERROR 2021-11-12 08:29:53,780 log log_response 9833 139816984246016 Internal Server Error: /users/mobile/18791437866/
Traceback (most recent call last):
  File "/home/moluo/anaconda3/envs/fuguang/lib/python3.8/site-packages/rest_framework/views.py", line 506, in dispatch
    response = handler(request, *args, **kwargs)
  File "/home/moluo/Desktop/fuguang/fuguangapi/fuguangapi/apps/users/views.py", line 41, in get
    User.objects.get(modile=mobile)
  File "/home/moluo/anaconda3/envs/fuguang/lib/python3.8/site-packages/django/db/models/manager.py", line 85, in manager_method
    return getattr(self.get_queryset(), name)(*args, **kwargs)
  File "/home/moluo/anaconda3/envs/fuguang/lib/python3.8/site-packages/django/db/models/query.py", line 424, in get
    clone = self._chain() if self.query.combinator else self.filter(*args, **kwargs)
  File "/home/moluo/anaconda3/envs/fuguang/lib/python3.8/site-packages/django/db/models/query.py", line 941, in filter
    return self._filter_or_exclude(False, args, kwargs)
  File "/home/moluo/anaconda3/envs/fuguang/lib/python3.8/site-packages/django/db/models/query.py", line 961, in _filter_or_exclude
    clone._filter_or_exclude_inplace(negate, args, kwargs)
  File "/home/moluo/anaconda3/envs/fuguang/lib/python3.8/site-packages/django/db/models/query.py", line 968, in _filter_or_exclude_inplace
    self._query.add_q(Q(*args, **kwargs))
  File "/home/moluo/anaconda3/envs/fuguang/lib/python3.8/site-packages/django/db/models/sql/query.py", line 1393, in add_q
    clause, _ = self._add_q(q_object, self.used_aliases)
  File "/home/moluo/anaconda3/envs/fuguang/lib/python3.8/site-packages/django/db/models/sql/query.py", line 1412, in _add_q
    child_clause, needed_inner = self.build_filter(
  File "/home/moluo/anaconda3/envs/fuguang/lib/python3.8/site-packages/django/db/models/sql/query.py", line 1286, in build_filter
    lookups, parts, reffed_expression = self.solve_lookup_type(arg)
  File "/home/moluo/anaconda3/envs/fuguang/lib/python3.8/site-packages/django/db/models/sql/query.py", line 1112, in solve_lookup_type
    _, field, _, lookup_parts = self.names_to_path(lookup_splitted, self.get_meta())
  File "/home/moluo/anaconda3/envs/fuguang/lib/python3.8/site-packages/django/db/models/sql/query.py", line 1539, in names_to_path
    raise FieldError("Cannot resolve keyword '%s' into field. "
django.core.exceptions.FieldError: Cannot resolve keyword 'modile' into field. Choices are: avatar, credit, date_joined, email, first_name, groups, id, is_active, is_staff, is_superuser, last_login, last_name, logentry, mobile, money, password, user_permissions, username

During handling of the above exception, another exception occurred:

Traceback (most recent call last):
  File "/home/moluo/anaconda3/envs/fuguang/lib/python3.8/site-packages/django/core/handlers/exception.py", line 47, in inner
    response = get_response(request)
  File "/home/moluo/anaconda3/envs/fuguang/lib/python3.8/site-packages/django/core/handlers/base.py", line 181, in _get_response
    response = wrapped_callback(request, *callback_args, **callback_kwargs)
  File "/home/moluo/anaconda3/envs/fuguang/lib/python3.8/site-packages/django/views/decorators/csrf.py", line 54, in wrapped_view
    return view_func(*args, **kwargs)
  File "/home/moluo/anaconda3/envs/fuguang/lib/python3.8/site-packages/django/views/generic/base.py", line 70, in view
    return self.dispatch(request, *args, **kwargs)
  File "/home/moluo/anaconda3/envs/fuguang/lib/python3.8/site-packages/rest_framework/views.py", line 509, in dispatch
    response = self.handle_exception(exc)
  File "/home/moluo/anaconda3/envs/fuguang/lib/python3.8/site-packages/rest_framework/views.py", line 466, in handle_exception
    response = exception_handler(exc, context)
  File "/home/moluo/Desktop/fuguang/fuguangapi/fuguangapi/utils/exceptions.py", line 19, in exception_handler
    response = exception_handler(exc, context)
  File "/home/moluo/Desktop/fuguang/fuguangapi/fuguangapi/utils/exceptions.py", line 19, in exception_handler
    response = exception_handler(exc, context)
  File "/home/moluo/Desktop/fuguang/fuguangapi/fuguangapi/utils/exceptions.py", line 19, in exception_handler
    response = exception_handler(exc, context)
  [Previous line repeated 952 more times]
RecursionError: maximum recursion depth exceeded
ERROR 2021-11-12 08:29:53,788 basehttp log_message 9833 139816984246016 "GET /users/mobile/18791437866/ HTTP/1.1" 500 4322524
ERROR 2021-11-12 08:30:40,245 log log_response 9833 139816984246016 Internal Server Error: /users/mobile/13772923138/
Traceback (most recent call last):
  File "/home/moluo/anaconda3/envs/fuguang/lib/python3.8/site-packages/rest_framework/views.py", line 506, in dispatch
    response = handler(request, *args, **kwargs)
  File "/home/moluo/Desktop/fuguang/fuguangapi/fuguangapi/apps/users/views.py", line 41, in get
    User.objects.get(modile=mobile)
  File "/home/moluo/anaconda3/envs/fuguang/lib/python3.8/site-packages/django/db/models/manager.py", line 85, in manager_method
    return getattr(self.get_queryset(), name)(*args, **kwargs)
  File "/home/moluo/anaconda3/envs/fuguang/lib/python3.8/site-packages/django/db/models/query.py", line 424, in get
    clone = self._chain() if self.query.combinator else self.filter(*args, **kwargs)
  File "/home/moluo/anaconda3/envs/fuguang/lib/python3.8/site-packages/django/db/models/query.py", line 941, in filter
    return self._filter_or_exclude(False, args, kwargs)
  File "/home/moluo/anaconda3/envs/fuguang/lib/python3.8/site-packages/django/db/models/query.py", line 961, in _filter_or_exclude
    clone._filter_or_exclude_inplace(negate, args, kwargs)
  File "/home/moluo/anaconda3/envs/fuguang/lib/python3.8/site-packages/django/db/models/query.py", line 968, in _filter_or_exclude_inplace
    self._query.add_q(Q(*args, **kwargs))
  File "/home/moluo/anaconda3/envs/fuguang/lib/python3.8/site-packages/django/db/models/sql/query.py", line 1393, in add_q
    clause, _ = self._add_q(q_object, self.used_aliases)
  File "/home/moluo/anaconda3/envs/fuguang/lib/python3.8/site-packages/django/db/models/sql/query.py", line 1412, in _add_q
    child_clause, needed_inner = self.build_filter(
  File "/home/moluo/anaconda3/envs/fuguang/lib/python3.8/site-packages/django/db/models/sql/query.py", line 1286, in build_filter
    lookups, parts, reffed_expression = self.solve_lookup_type(arg)
  File "/home/moluo/anaconda3/envs/fuguang/lib/python3.8/site-packages/django/db/models/sql/query.py", line 1112, in solve_lookup_type
    _, field, _, lookup_parts = self.names_to_path(lookup_splitted, self.get_meta())
  File "/home/moluo/anaconda3/envs/fuguang/lib/python3.8/site-packages/django/db/models/sql/query.py", line 1539, in names_to_path
    raise FieldError("Cannot resolve keyword '%s' into field. "
django.core.exceptions.FieldError: Cannot resolve keyword 'modile' into field. Choices are: avatar, credit, date_joined, email, first_name, groups, id, is_active, is_staff, is_superuser, last_login, last_name, logentry, mobile, money, password, user_permissions, username

During handling of the above exception, another exception occurred:

Traceback (most recent call last):
  File "/home/moluo/anaconda3/envs/fuguang/lib/python3.8/site-packages/django/core/handlers/exception.py", line 47, in inner
    response = get_response(request)
  File "/home/moluo/anaconda3/envs/fuguang/lib/python3.8/site-packages/django/core/handlers/base.py", line 181, in _get_response
    response = wrapped_callback(request, *callback_args, **callback_kwargs)
  File "/home/moluo/anaconda3/envs/fuguang/lib/python3.8/site-packages/django/views/decorators/csrf.py", line 54, in wrapped_view
    return view_func(*args, **kwargs)
  File "/home/moluo/anaconda3/envs/fuguang/lib/python3.8/site-packages/django/views/generic/base.py", line 70, in view
    return self.dispatch(request, *args, **kwargs)
  File "/home/moluo/anaconda3/envs/fuguang/lib/python3.8/site-packages/rest_framework/views.py", line 509, in dispatch
    response = self.handle_exception(exc)
  File "/home/moluo/anaconda3/envs/fuguang/lib/python3.8/site-packages/rest_framework/views.py", line 466, in handle_exception
    response = exception_handler(exc, context)
  File "/home/moluo/Desktop/fuguang/fuguangapi/fuguangapi/utils/exceptions.py", line 19, in exception_handler
    response = exception_handler(exc, context)
  File "/home/moluo/Desktop/fuguang/fuguangapi/fuguangapi/utils/exceptions.py", line 19, in exception_handler
    response = exception_handler(exc, context)
  File "/home/moluo/Desktop/fuguang/fuguangapi/fuguangapi/utils/exceptions.py", line 19, in exception_handler
    response = exception_handler(exc, context)
  [Previous line repeated 952 more times]
RecursionError: maximum recursion depth exceeded
ERROR 2021-11-12 08:30:40,252 basehttp log_message 9833 139816984246016 "GET /users/mobile/13772923138/ HTTP/1.1" 500 4322524
INFO 2021-11-12 08:34:02,799 autoreload run_with_reloader 10056 140438143832448 Watching for file changes with StatReloader
WARNING 2021-11-12 08:34:35,768 log log_response 10056 140438071842560 Bad Request: /users/mobile/13772923138/
WARNING 2021-11-12 08:34:35,768 basehttp log_message 10056 140438071842560 "GET /users/mobile/13772923138/ HTTP/1.1" 400 37
INFO 2021-11-12 08:34:47,036 basehttp log_message 10056 140438071842560 "GET /users/mobile/18898764567/ HTTP/1.1" 200 15
INFO 2021-11-12 08:35:37,940 basehttp log_message 10056 140438071842560 "GET /users/mobile/13456788343/ HTTP/1.1" 200 15
INFO 2021-11-12 08:35:57,981 basehttp log_message 10056 140438071842560 "GET /users/mobile/13345678978/ HTTP/1.1" 200 15
INFO 2021-11-12 08:36:56,204 basehttp log_message 10056 140438071842560 "GET /users/mobile/18791223456/ HTTP/1.1" 200 15
WARNING 2021-11-12 08:41:11,682 log log_response 10056 140438071842560 Bad Request: /users/mobile/13772923138/
WARNING 2021-11-12 08:41:11,682 basehttp log_message 10056 140438071842560 "GET /users/mobile/13772923138/ HTTP/1.1" 400 37
INFO 2021-11-12 08:43:26,857 basehttp log_message 10056 140438071842560 "GET /users/mobile/13345678978/ HTTP/1.1" 200 15
INFO 2021-11-12 08:44:33,199 basehttp log_message 10056 140438071842560 "GET /users/mobile/13885764321/ HTTP/1.1" 200 15
INFO 2021-11-12 09:31:05,436 autoreload run_with_reloader 11697 140049688412544 Watching for file changes with StatReloader
INFO 2021-11-12 09:33:58,652 basehttp log_message 11697 140049549276928 "POST /users/register/ HTTP/1.1" 201 269
ERROR 2021-11-12 09:34:29,140 log log_response 11697 140049549276928 Internal Server Error: /users/register/
Traceback (most recent call last):
  File "/home/moluo/anaconda3/envs/fuguang/lib/python3.8/site-packages/rest_framework/views.py", line 506, in dispatch
    response = handler(request, *args, **kwargs)
  File "/home/moluo/anaconda3/envs/fuguang/lib/python3.8/site-packages/rest_framework/generics.py", line 190, in post
    return self.create(request, *args, **kwargs)
  File "/home/moluo/anaconda3/envs/fuguang/lib/python3.8/site-packages/rest_framework/mixins.py", line 18, in create
    serializer.is_valid(raise_exception=True)
  File "/home/moluo/anaconda3/envs/fuguang/lib/python3.8/site-packages/rest_framework/serializers.py", line 228, in is_valid
    raise ValidationError(self.errors)
rest_framework.exceptions.ValidationError: {'mobile': [ErrorDetail(string=' with this  already exists.', code='unique')], 'password': [ErrorDetail(string='Ensure this field has at least 6 characters.', code='min_length')]}

During handling of the above exception, another exception occurred:

Traceback (most recent call last):
  File "/home/moluo/anaconda3/envs/fuguang/lib/python3.8/site-packages/django/core/handlers/exception.py", line 47, in inner
    response = get_response(request)
  File "/home/moluo/anaconda3/envs/fuguang/lib/python3.8/site-packages/django/core/handlers/base.py", line 181, in _get_response
    response = wrapped_callback(request, *callback_args, **callback_kwargs)
  File "/home/moluo/anaconda3/envs/fuguang/lib/python3.8/site-packages/django/views/decorators/csrf.py", line 54, in wrapped_view
    return view_func(*args, **kwargs)
  File "/home/moluo/anaconda3/envs/fuguang/lib/python3.8/site-packages/django/views/generic/base.py", line 70, in view
    return self.dispatch(request, *args, **kwargs)
  File "/home/moluo/anaconda3/envs/fuguang/lib/python3.8/site-packages/rest_framework/views.py", line 509, in dispatch
    response = self.handle_exception(exc)
  File "/home/moluo/anaconda3/envs/fuguang/lib/python3.8/site-packages/rest_framework/views.py", line 466, in handle_exception
    response = exception_handler(exc, context)
  File "/home/moluo/Desktop/fuguang/fuguangapi/fuguangapi/utils/exceptions.py", line 19, in exception_handler
    response = exception_handler(exc, context)
  File "/home/moluo/Desktop/fuguang/fuguangapi/fuguangapi/utils/exceptions.py", line 19, in exception_handler
    response = exception_handler(exc, context)
  File "/home/moluo/Desktop/fuguang/fuguangapi/fuguangapi/utils/exceptions.py", line 19, in exception_handler
    response = exception_handler(exc, context)
  [Previous line repeated 952 more times]
RecursionError: maximum recursion depth exceeded
ERROR 2021-11-12 09:34:29,158 basehttp log_message 11697 140049549276928 "POST /users/register/ HTTP/1.1" 500 4238191
ERROR 2021-11-12 09:35:18,034 log log_response 11697 140049549276928 Internal Server Error: /users/register/
Traceback (most recent call last):
  File "/home/moluo/anaconda3/envs/fuguang/lib/python3.8/site-packages/rest_framework/views.py", line 506, in dispatch
    response = handler(request, *args, **kwargs)
  File "/home/moluo/anaconda3/envs/fuguang/lib/python3.8/site-packages/rest_framework/generics.py", line 190, in post
    return self.create(request, *args, **kwargs)
  File "/home/moluo/anaconda3/envs/fuguang/lib/python3.8/site-packages/rest_framework/mixins.py", line 18, in create
    serializer.is_valid(raise_exception=True)
  File "/home/moluo/anaconda3/envs/fuguang/lib/python3.8/site-packages/rest_framework/serializers.py", line 228, in is_valid
    raise ValidationError(self.errors)
rest_framework.exceptions.ValidationError: {'mobile': [ErrorDetail(string=' with this  already exists.', code='unique')], 'password': [ErrorDetail(string='Ensure this field has at least 6 characters.', code='min_length')]}

During handling of the above exception, another exception occurred:

Traceback (most recent call last):
  File "/home/moluo/anaconda3/envs/fuguang/lib/python3.8/site-packages/django/core/handlers/exception.py", line 47, in inner
    response = get_response(request)
  File "/home/moluo/anaconda3/envs/fuguang/lib/python3.8/site-packages/django/core/handlers/base.py", line 181, in _get_response
    response = wrapped_callback(request, *callback_args, **callback_kwargs)
  File "/home/moluo/anaconda3/envs/fuguang/lib/python3.8/site-packages/django/views/decorators/csrf.py", line 54, in wrapped_view
    return view_func(*args, **kwargs)
  File "/home/moluo/anaconda3/envs/fuguang/lib/python3.8/site-packages/django/views/generic/base.py", line 70, in view
    return self.dispatch(request, *args, **kwargs)
  File "/home/moluo/anaconda3/envs/fuguang/lib/python3.8/site-packages/rest_framework/views.py", line 509, in dispatch
    response = self.handle_exception(exc)
  File "/home/moluo/anaconda3/envs/fuguang/lib/python3.8/site-packages/rest_framework/views.py", line 466, in handle_exception
    response = exception_handler(exc, context)
  File "/home/moluo/Desktop/fuguang/fuguangapi/fuguangapi/utils/exceptions.py", line 19, in exception_handler
    response = exception_handler(exc, context)
  File "/home/moluo/Desktop/fuguang/fuguangapi/fuguangapi/utils/exceptions.py", line 19, in exception_handler
    response = exception_handler(exc, context)
  File "/home/moluo/Desktop/fuguang/fuguangapi/fuguangapi/utils/exceptions.py", line 19, in exception_handler
    response = exception_handler(exc, context)
  [Previous line repeated 952 more times]
RecursionError: maximum recursion depth exceeded
ERROR 2021-11-12 09:35:18,043 basehttp log_message 11697 140049549276928 "POST /users/register/ HTTP/1.1" 500 4238199
ERROR 2021-11-12 09:36:04,239 log log_response 11697 140049549276928 Internal Server Error: /users/register/
Traceback (most recent call last):
  File "/home/moluo/anaconda3/envs/fuguang/lib/python3.8/site-packages/rest_framework/views.py", line 506, in dispatch
    response = handler(request, *args, **kwargs)
  File "/home/moluo/anaconda3/envs/fuguang/lib/python3.8/site-packages/rest_framework/generics.py", line 190, in post
    return self.create(request, *args, **kwargs)
  File "/home/moluo/anaconda3/envs/fuguang/lib/python3.8/site-packages/rest_framework/mixins.py", line 18, in create
    serializer.is_valid(raise_exception=True)
  File "/home/moluo/anaconda3/envs/fuguang/lib/python3.8/site-packages/rest_framework/serializers.py", line 228, in is_valid
    raise ValidationError(self.errors)
rest_framework.exceptions.ValidationError: {'mobile': [ErrorDetail(string=' with this  already exists.', code='unique')]}

During handling of the above exception, another exception occurred:

Traceback (most recent call last):
  File "/home/moluo/anaconda3/envs/fuguang/lib/python3.8/site-packages/django/core/handlers/exception.py", line 47, in inner
    response = get_response(request)
  File "/home/moluo/anaconda3/envs/fuguang/lib/python3.8/site-packages/django/core/handlers/base.py", line 181, in _get_response
    response = wrapped_callback(request, *callback_args, **callback_kwargs)
  File "/home/moluo/anaconda3/envs/fuguang/lib/python3.8/site-packages/django/views/decorators/csrf.py", line 54, in wrapped_view
    return view_func(*args, **kwargs)
  File "/home/moluo/anaconda3/envs/fuguang/lib/python3.8/site-packages/django/views/generic/base.py", line 70, in view
    return self.dispatch(request, *args, **kwargs)
  File "/home/moluo/anaconda3/envs/fuguang/lib/python3.8/site-packages/rest_framework/views.py", line 509, in dispatch
    response = self.handle_exception(exc)
  File "/home/moluo/anaconda3/envs/fuguang/lib/python3.8/site-packages/rest_framework/views.py", line 466, in handle_exception
    response = exception_handler(exc, context)
  File "/home/moluo/Desktop/fuguang/fuguangapi/fuguangapi/utils/exceptions.py", line 19, in exception_handler
    response = exception_handler(exc, context)
  File "/home/moluo/Desktop/fuguang/fuguangapi/fuguangapi/utils/exceptions.py", line 19, in exception_handler
    response = exception_handler(exc, context)
  File "/home/moluo/Desktop/fuguang/fuguangapi/fuguangapi/utils/exceptions.py", line 19, in exception_handler
    response = exception_handler(exc, context)
  [Previous line repeated 952 more times]
RecursionError: maximum recursion depth exceeded
ERROR 2021-11-12 09:36:04,247 basehttp log_message 11697 140049549276928 "POST /users/register/ HTTP/1.1" 500 4112705
INFO 2021-11-12 09:36:25,900 basehttp log_message 11697 140049549276928 "POST /users/register/ HTTP/1.1" 201 269
ERROR 2021-11-12 09:36:46,712 log log_response 11697 140049549276928 Internal Server Error: /users/register/
Traceback (most recent call last):
  File "/home/moluo/anaconda3/envs/fuguang/lib/python3.8/site-packages/rest_framework/views.py", line 506, in dispatch
    response = handler(request, *args, **kwargs)
  File "/home/moluo/anaconda3/envs/fuguang/lib/python3.8/site-packages/rest_framework/generics.py", line 190, in post
    return self.create(request, *args, **kwargs)
  File "/home/moluo/anaconda3/envs/fuguang/lib/python3.8/site-packages/rest_framework/mixins.py", line 18, in create
    serializer.is_valid(raise_exception=True)
  File "/home/moluo/anaconda3/envs/fuguang/lib/python3.8/site-packages/rest_framework/serializers.py", line 228, in is_valid
    raise ValidationError(self.errors)
rest_framework.exceptions.ValidationError: {'password': [ErrorDetail(string='Ensure this field has at least 6 characters.', code='min_length')]}

During handling of the above exception, another exception occurred:

Traceback (most recent call last):
  File "/home/moluo/anaconda3/envs/fuguang/lib/python3.8/site-packages/django/core/handlers/exception.py", line 47, in inner
    response = get_response(request)
  File "/home/moluo/anaconda3/envs/fuguang/lib/python3.8/site-packages/django/core/handlers/base.py", line 181, in _get_response
    response = wrapped_callback(request, *callback_args, **callback_kwargs)
  File "/home/moluo/anaconda3/envs/fuguang/lib/python3.8/site-packages/django/views/decorators/csrf.py", line 54, in wrapped_view
    return view_func(*args, **kwargs)
  File "/home/moluo/anaconda3/envs/fuguang/lib/python3.8/site-packages/django/views/generic/base.py", line 70, in view
    return self.dispatch(request, *args, **kwargs)
  File "/home/moluo/anaconda3/envs/fuguang/lib/python3.8/site-packages/rest_framework/views.py", line 509, in dispatch
    response = self.handle_exception(exc)
  File "/home/moluo/anaconda3/envs/fuguang/lib/python3.8/site-packages/rest_framework/views.py", line 466, in handle_exception
    response = exception_handler(exc, context)
  File "/home/moluo/Desktop/fuguang/fuguangapi/fuguangapi/utils/exceptions.py", line 19, in exception_handler
    response = exception_handler(exc, context)
  File "/home/moluo/Desktop/fuguang/fuguangapi/fuguangapi/utils/exceptions.py", line 19, in exception_handler
    response = exception_handler(exc, context)
  File "/home/moluo/Desktop/fuguang/fuguangapi/fuguangapi/utils/exceptions.py", line 19, in exception_handler
    response = exception_handler(exc, context)
  [Previous line repeated 952 more times]
RecursionError: maximum recursion depth exceeded
ERROR 2021-11-12 09:36:46,721 basehttp log_message 11697 140049549276928 "POST /users/register/ HTTP/1.1" 500 4114617
ERROR 2021-11-12 09:38:03,514 log log_response 11697 140049549276928 Internal Server Error: /users/register/
Traceback (most recent call last):
  File "/home/moluo/anaconda3/envs/fuguang/lib/python3.8/site-packages/rest_framework/views.py", line 506, in dispatch
    response = handler(request, *args, **kwargs)
  File "/home/moluo/anaconda3/envs/fuguang/lib/python3.8/site-packages/rest_framework/generics.py", line 190, in post
    return self.create(request, *args, **kwargs)
  File "/home/moluo/anaconda3/envs/fuguang/lib/python3.8/site-packages/rest_framework/mixins.py", line 18, in create
    serializer.is_valid(raise_exception=True)
  File "/home/moluo/anaconda3/envs/fuguang/lib/python3.8/site-packages/rest_framework/serializers.py", line 228, in is_valid
    raise ValidationError(self.errors)
rest_framework.exceptions.ValidationError: {'password': [ErrorDetail(string='Ensure this field has at least 6 characters.', code='min_length')]}

During handling of the above exception, another exception occurred:

Traceback (most recent call last):
  File "/home/moluo/anaconda3/envs/fuguang/lib/python3.8/site-packages/django/core/handlers/exception.py", line 47, in inner
    response = get_response(request)
  File "/home/moluo/anaconda3/envs/fuguang/lib/python3.8/site-packages/django/core/handlers/base.py", line 181, in _get_response
    response = wrapped_callback(request, *callback_args, **callback_kwargs)
  File "/home/moluo/anaconda3/envs/fuguang/lib/python3.8/site-packages/django/views/decorators/csrf.py", line 54, in wrapped_view
    return view_func(*args, **kwargs)
  File "/home/moluo/anaconda3/envs/fuguang/lib/python3.8/site-packages/django/views/generic/base.py", line 70, in view
    return self.dispatch(request, *args, **kwargs)
  File "/home/moluo/anaconda3/envs/fuguang/lib/python3.8/site-packages/rest_framework/views.py", line 509, in dispatch
    response = self.handle_exception(exc)
  File "/home/moluo/anaconda3/envs/fuguang/lib/python3.8/site-packages/rest_framework/views.py", line 466, in handle_exception
    response = exception_handler(exc, context)
  File "/home/moluo/Desktop/fuguang/fuguangapi/fuguangapi/utils/exceptions.py", line 19, in exception_handler
    response = exception_handler(exc, context)
  File "/home/moluo/Desktop/fuguang/fuguangapi/fuguangapi/utils/exceptions.py", line 19, in exception_handler
    response = exception_handler(exc, context)
  File "/home/moluo/Desktop/fuguang/fuguangapi/fuguangapi/utils/exceptions.py", line 19, in exception_handler
    response = exception_handler(exc, context)
  [Previous line repeated 952 more times]
RecursionError: maximum recursion depth exceeded
ERROR 2021-11-12 09:38:03,522 basehttp log_message 11697 140049549276928 "POST /users/register/ HTTP/1.1" 500 4114609
ERROR 2021-11-12 09:39:59,394 log log_response 11697 140049549276928 Internal Server Error: /users/register/
Traceback (most recent call last):
  File "/home/moluo/anaconda3/envs/fuguang/lib/python3.8/site-packages/rest_framework/views.py", line 506, in dispatch
    response = handler(request, *args, **kwargs)
  File "/home/moluo/anaconda3/envs/fuguang/lib/python3.8/site-packages/rest_framework/generics.py", line 190, in post
    return self.create(request, *args, **kwargs)
  File "/home/moluo/anaconda3/envs/fuguang/lib/python3.8/site-packages/rest_framework/mixins.py", line 18, in create
    serializer.is_valid(raise_exception=True)
  File "/home/moluo/anaconda3/envs/fuguang/lib/python3.8/site-packages/rest_framework/serializers.py", line 228, in is_valid
    raise ValidationError(self.errors)
rest_framework.exceptions.ValidationError: {'password': [ErrorDetail(string='Ensure this field has at least 6 characters.', code='min_length')]}

During handling of the above exception, another exception occurred:

Traceback (most recent call last):
  File "/home/moluo/anaconda3/envs/fuguang/lib/python3.8/site-packages/django/core/handlers/exception.py", line 47, in inner
    response = get_response(request)
  File "/home/moluo/anaconda3/envs/fuguang/lib/python3.8/site-packages/django/core/handlers/base.py", line 181, in _get_response
    response = wrapped_callback(request, *callback_args, **callback_kwargs)
  File "/home/moluo/anaconda3/envs/fuguang/lib/python3.8/site-packages/django/views/decorators/csrf.py", line 54, in wrapped_view
    return view_func(*args, **kwargs)
  File "/home/moluo/anaconda3/envs/fuguang/lib/python3.8/site-packages/django/views/generic/base.py", line 70, in view
    return self.dispatch(request, *args, **kwargs)
  File "/home/moluo/anaconda3/envs/fuguang/lib/python3.8/site-packages/rest_framework/views.py", line 509, in dispatch
    response = self.handle_exception(exc)
  File "/home/moluo/anaconda3/envs/fuguang/lib/python3.8/site-packages/rest_framework/views.py", line 466, in handle_exception
    response = exception_handler(exc, context)
  File "/home/moluo/Desktop/fuguang/fuguangapi/fuguangapi/utils/exceptions.py", line 19, in exception_handler
    response = exception_handler(exc, context)
  File "/home/moluo/Desktop/fuguang/fuguangapi/fuguangapi/utils/exceptions.py", line 19, in exception_handler
    response = exception_handler(exc, context)
  File "/home/moluo/Desktop/fuguang/fuguangapi/fuguangapi/utils/exceptions.py", line 19, in exception_handler
    response = exception_handler(exc, context)
  [Previous line repeated 952 more times]
RecursionError: maximum recursion depth exceeded
ERROR 2021-11-12 09:39:59,401 basehttp log_message 11697 140049549276928 "POST /users/register/ HTTP/1.1" 500 4114609
ERROR 2021-11-12 09:40:25,517 log log_response 11697 140049549276928 Internal Server Error: /users/register/
Traceback (most recent call last):
  File "/home/moluo/anaconda3/envs/fuguang/lib/python3.8/site-packages/rest_framework/views.py", line 506, in dispatch
    response = handler(request, *args, **kwargs)
  File "/home/moluo/anaconda3/envs/fuguang/lib/python3.8/site-packages/rest_framework/generics.py", line 190, in post
    return self.create(request, *args, **kwargs)
  File "/home/moluo/anaconda3/envs/fuguang/lib/python3.8/site-packages/rest_framework/mixins.py", line 18, in create
    serializer.is_valid(raise_exception=True)
  File "/home/moluo/anaconda3/envs/fuguang/lib/python3.8/site-packages/rest_framework/serializers.py", line 228, in is_valid
    raise ValidationError(self.errors)
rest_framework.exceptions.ValidationError: {'password': [ErrorDetail(string='Ensure this field has at least 6 characters.', code='min_length')]}

During handling of the above exception, another exception occurred:

Traceback (most recent call last):
  File "/home/moluo/anaconda3/envs/fuguang/lib/python3.8/site-packages/django/core/handlers/exception.py", line 47, in inner
    response = get_response(request)
  File "/home/moluo/anaconda3/envs/fuguang/lib/python3.8/site-packages/django/core/handlers/base.py", line 181, in _get_response
    response = wrapped_callback(request, *callback_args, **callback_kwargs)
  File "/home/moluo/anaconda3/envs/fuguang/lib/python3.8/site-packages/django/views/decorators/csrf.py", line 54, in wrapped_view
    return view_func(*args, **kwargs)
  File "/home/moluo/anaconda3/envs/fuguang/lib/python3.8/site-packages/django/views/generic/base.py", line 70, in view
    return self.dispatch(request, *args, **kwargs)
  File "/home/moluo/anaconda3/envs/fuguang/lib/python3.8/site-packages/rest_framework/views.py", line 509, in dispatch
    response = self.handle_exception(exc)
  File "/home/moluo/anaconda3/envs/fuguang/lib/python3.8/site-packages/rest_framework/views.py", line 466, in handle_exception
    response = exception_handler(exc, context)
  File "/home/moluo/Desktop/fuguang/fuguangapi/fuguangapi/utils/exceptions.py", line 19, in exception_handler
    response = exception_handler(exc, context)
  File "/home/moluo/Desktop/fuguang/fuguangapi/fuguangapi/utils/exceptions.py", line 19, in exception_handler
    response = exception_handler(exc, context)
  File "/home/moluo/Desktop/fuguang/fuguangapi/fuguangapi/utils/exceptions.py", line 19, in exception_handler
    response = exception_handler(exc, context)
  [Previous line repeated 952 more times]
RecursionError: maximum recursion depth exceeded
ERROR 2021-11-12 09:40:25,525 basehttp log_message 11697 140049549276928 "POST /users/register/ HTTP/1.1" 500 4114609
INFO 2021-11-12 09:41:05,663 basehttp log_message 11697 140049549276928 "POST /users/register/ HTTP/1.1" 201 269
